[INFO ] 2023-07-29 06:04:21.576 [main] LoginPageStepDef - BeforeStep
[INFO ] 2023-07-29 06:04:21.582 [main] LoginPageStepDef - BeforeStep
[INFO ] 2023-07-29 06:04:21.688 [main] LoginPageStepDef - BeforeStep
[INFO ] 2023-07-29 06:04:21.693 [main] LoginPageStepDef - BeforeStep
[INFO ] 2023-07-29 06:04:21.711 [main] LoginPageStepDef - BeforeStep
[INFO ] 2023-07-29 06:04:21.713 [main] LoginPageStepDef - BeforeStep
[INFO ] 2023-07-29 06:04:21.734 [main] LoginPageStepDef - BeforeStep
[INFO ] 2023-07-29 06:04:21.736 [main] LoginPageStepDef - userIsOnLoginPage
[INFO ] 2023-07-29 06:04:24.509 [main] LoginPageStepDef - BeforeStep
[INFO ] 2023-07-29 06:04:24.510 [main] LoginPageStepDef - userLogsIntoSystem
[INFO ] 2023-07-29 06:04:24.524 [main] LoginPageStepDef - BeforeStep
[INFO ] 2023-07-29 06:04:24.635 [main] LoginPageStepDef - BeforeStep
[INFO ] 2023-07-29 06:04:24.638 [main] LoginPageStepDef - userNavigatesToPage
[INFO ] 2023-07-29 06:04:41.208 [main] LoginPageStepDef - BeforeStep
[INFO ] 2023-07-29 06:04:41.209 [main] LoginPageStepDef - userIsOnLoginPage
[INFO ] 2023-07-29 06:04:43.563 [main] LoginPageStepDef - BeforeStep
[INFO ] 2023-07-29 06:04:43.563 [main] LoginPageStepDef - userLogsIntoSystem
[INFO ] 2023-07-29 06:04:43.578 [main] LoginPageStepDef - BeforeStep
[INFO ] 2023-07-29 06:04:43.579 [main] LoginPageStepDef - BeforeStep
[INFO ] 2023-07-29 06:04:43.580 [main] LoginPageStepDef - userNavigatesToPage
[INFO ] 2023-07-29 06:10:21.500 [main] LoginPageStepDef - BeforeStep
[INFO ] 2023-07-29 06:10:21.504 [main] LoginPageStepDef - BeforeStep
[INFO ] 2023-07-29 06:10:21.560 [main] LoginPageStepDef - BeforeStep
[INFO ] 2023-07-29 06:10:21.566 [main] LoginPageStepDef - BeforeStep
[INFO ] 2023-07-29 06:10:21.601 [main] LoginPageStepDef - BeforeStep
[INFO ] 2023-07-29 06:10:21.603 [main] LoginPageStepDef - BeforeStep
[INFO ] 2023-07-29 06:10:21.644 [main] LoginPageStepDef - BeforeStep
[INFO ] 2023-07-29 06:10:21.647 [main] LoginPageStepDef - userIsOnLoginPage
[INFO ] 2023-07-29 06:10:23.259 [main] LoginPageStepDef - BeforeStep
[INFO ] 2023-07-29 06:10:23.263 [main] LoginPageStepDef - userLogsIntoSystem
[INFO ] 2023-07-29 06:10:23.291 [main] LoginPageStepDef - BeforeStep
[INFO ] 2023-07-29 06:10:23.300 [main] LoginPageStepDef - BeforeStep
[INFO ] 2023-07-29 06:10:23.301 [main] LoginPageStepDef - userNavigatesToPage
[INFO ] 2023-07-29 06:10:30.751 [main] LoginPageStepDef - BeforeStep
[INFO ] 2023-07-29 06:10:30.754 [main] LoginPageStepDef - userIsOnLoginPage
[INFO ] 2023-07-29 06:10:32.277 [main] LoginPageStepDef - BeforeStep
[INFO ] 2023-07-29 06:10:32.280 [main] LoginPageStepDef - userLogsIntoSystem
[INFO ] 2023-07-29 06:10:32.297 [main] LoginPageStepDef - BeforeStep
[INFO ] 2023-07-29 06:10:32.298 [main] LoginPageStepDef - BeforeStep
[INFO ] 2023-07-29 06:10:32.299 [main] LoginPageStepDef - userNavigatesToPage
[INFO ] 2023-07-29 06:12:31.942 [main] LoginPageStepDef - BeforeStep
[INFO ] 2023-07-29 06:12:31.950 [main] LoginPageStepDef - BeforeStep
[INFO ] 2023-07-29 06:12:32.063 [main] LoginPageStepDef - BeforeStep
[INFO ] 2023-07-29 06:12:32.069 [main] LoginPageStepDef - BeforeStep
[INFO ] 2023-07-29 06:12:32.091 [main] LoginPageStepDef - BeforeStep
[INFO ] 2023-07-29 06:12:32.092 [main] LoginPageStepDef - BeforeStep
[INFO ] 2023-07-29 06:12:32.114 [main] LoginPageStepDef - BeforeStep
[INFO ] 2023-07-29 06:12:32.115 [main] LoginPageStepDef - userIsOnLoginPage
[INFO ] 2023-07-29 06:12:36.477 [main] LoginPageStepDef - BeforeStep
[INFO ] 2023-07-29 06:12:36.478 [main] LoginPageStepDef - userLogsIntoSystem
[INFO ] 2023-07-29 06:12:36.501 [main] LoginPageStepDef - BeforeStep
[INFO ] 2023-07-29 06:12:36.508 [main] LoginPageStepDef - BeforeStep
[INFO ] 2023-07-29 06:12:36.509 [main] LoginPageStepDef - userNavigatesToPage
[INFO ] 2023-07-29 06:12:44.863 [main] LoginPageStepDef - BeforeStep
[INFO ] 2023-07-29 06:12:44.865 [main] LoginPageStepDef - userIsOnLoginPage
[INFO ] 2023-07-29 06:12:46.751 [main] LoginPageStepDef - BeforeStep
[INFO ] 2023-07-29 06:12:46.753 [main] LoginPageStepDef - userLogsIntoSystem
[INFO ] 2023-07-29 06:12:46.764 [main] LoginPageStepDef - BeforeStep
[INFO ] 2023-07-29 06:12:46.764 [main] LoginPageStepDef - BeforeStep
[INFO ] 2023-07-29 06:12:46.765 [main] LoginPageStepDef - userNavigatesToPage
[INFO ] 2023-07-29 06:19:27.377 [main] LoginPageStepDef - BeforeStep
[INFO ] 2023-07-29 06:19:27.382 [main] LoginPageStepDef - BeforeStep
[INFO ] 2023-07-29 06:19:27.413 [main] LoginPageStepDef - BeforeStep
[INFO ] 2023-07-29 06:19:27.417 [main] LoginPageStepDef - BeforeStep
[INFO ] 2023-07-29 06:19:27.433 [main] LoginPageStepDef - BeforeStep
[INFO ] 2023-07-29 06:19:27.435 [main] LoginPageStepDef - BeforeStep
[INFO ] 2023-07-29 06:19:27.454 [main] LoginPageStepDef - BeforeStep
[INFO ] 2023-07-29 06:19:27.456 [main] LoginPageStepDef - userIsOnLoginPage
[INFO ] 2023-07-29 06:19:28.787 [main] LoginPageStepDef - BeforeStep
[INFO ] 2023-07-29 06:19:28.787 [main] LoginPageStepDef - userLogsIntoSystem
[INFO ] 2023-07-29 06:19:28.799 [main] LoginPageStepDef - BeforeStep
[INFO ] 2023-07-29 06:19:28.802 [main] LoginPageStepDef - BeforeStep
[INFO ] 2023-07-29 06:19:28.802 [main] LoginPageStepDef - userNavigatesToPage
[INFO ] 2023-07-29 06:19:35.212 [main] LoginPageStepDef - BeforeStep
[INFO ] 2023-07-29 06:19:35.213 [main] LoginPageStepDef - userIsOnLoginPage
[INFO ] 2023-07-29 06:19:36.087 [main] LoginPageStepDef - BeforeStep
[INFO ] 2023-07-29 06:19:36.087 [main] LoginPageStepDef - userLogsIntoSystem
[INFO ] 2023-07-29 06:19:36.094 [main] LoginPageStepDef - BeforeStep
[INFO ] 2023-07-29 06:19:36.095 [main] LoginPageStepDef - BeforeStep
[INFO ] 2023-07-29 06:19:36.095 [main] LoginPageStepDef - userNavigatesToPage
[INFO ] 2023-07-29 06:20:09.834 [main] LoginPageStepDef - BeforeStep
[INFO ] 2023-07-29 06:20:09.841 [main] LoginPageStepDef - BeforeStep
[INFO ] 2023-07-29 06:20:09.901 [main] LoginPageStepDef - BeforeStep
[INFO ] 2023-07-29 06:20:09.905 [main] LoginPageStepDef - BeforeStep
[INFO ] 2023-07-29 06:20:09.935 [main] LoginPageStepDef - BeforeStep
[INFO ] 2023-07-29 06:20:09.940 [main] LoginPageStepDef - BeforeStep
[INFO ] 2023-07-29 06:20:09.970 [main] LoginPageStepDef - BeforeStep
[INFO ] 2023-07-29 06:20:09.970 [main] LoginPageStepDef - userIsOnLoginPage
[INFO ] 2023-07-29 06:20:11.631 [main] LoginPageStepDef - BeforeStep
[INFO ] 2023-07-29 06:20:11.632 [main] LoginPageStepDef - userLogsIntoSystem
[INFO ] 2023-07-29 06:20:11.641 [main] LoginPageStepDef - BeforeStep
[INFO ] 2023-07-29 06:20:11.645 [main] LoginPageStepDef - BeforeStep
[INFO ] 2023-07-29 06:20:11.645 [main] LoginPageStepDef - userNavigatesToPage
[INFO ] 2023-07-29 06:20:18.847 [main] LoginPageStepDef - BeforeStep
[INFO ] 2023-07-29 06:20:18.847 [main] LoginPageStepDef - userIsOnLoginPage
[INFO ] 2023-07-29 06:20:19.811 [main] LoginPageStepDef - BeforeStep
[INFO ] 2023-07-29 06:20:19.811 [main] LoginPageStepDef - userLogsIntoSystem
[INFO ] 2023-07-29 06:20:19.821 [main] LoginPageStepDef - BeforeStep
[INFO ] 2023-07-29 06:20:19.821 [main] LoginPageStepDef - BeforeStep
[INFO ] 2023-07-29 06:20:19.823 [main] LoginPageStepDef - userNavigatesToPage
[INFO ] 2023-07-29 06:23:23.891 [main] LoginPageStepDef - BeforeStep
[INFO ] 2023-07-29 06:23:23.968 [main] LoginPageStepDef - BeforeStep
[INFO ] 2023-07-29 06:23:24.004 [main] LoginPageStepDef - BeforeStep
[INFO ] 2023-07-29 06:23:24.009 [main] LoginPageStepDef - BeforeStep
[INFO ] 2023-07-29 06:23:24.035 [main] LoginPageStepDef - BeforeStep
[INFO ] 2023-07-29 06:23:24.038 [main] LoginPageStepDef - BeforeStep
[INFO ] 2023-07-29 06:23:24.068 [main] LoginPageStepDef - BeforeStep
[INFO ] 2023-07-29 06:23:24.069 [main] LoginPageStepDef - userIsOnLoginPage
[INFO ] 2023-07-29 06:23:28.362 [main] LoginPageStepDef - BeforeStep
[INFO ] 2023-07-29 06:23:28.362 [main] LoginPageStepDef - userLogsIntoSystem
[INFO ] 2023-07-29 06:23:28.371 [main] LoginPageStepDef - BeforeStep
[INFO ] 2023-07-29 06:23:28.379 [main] LoginPageStepDef - BeforeStep
[INFO ] 2023-07-29 06:23:28.379 [main] LoginPageStepDef - userNavigatesToPage
[INFO ] 2023-07-29 06:23:36.043 [main] LoginPageStepDef - BeforeStep
[INFO ] 2023-07-29 06:23:36.047 [main] LoginPageStepDef - userIsOnLoginPage
[INFO ] 2023-07-29 06:23:37.312 [main] LoginPageStepDef - BeforeStep
[INFO ] 2023-07-29 06:23:37.312 [main] LoginPageStepDef - userLogsIntoSystem
[INFO ] 2023-07-29 06:23:37.325 [main] LoginPageStepDef - BeforeStep
[INFO ] 2023-07-29 06:23:37.327 [main] LoginPageStepDef - BeforeStep
[INFO ] 2023-07-29 06:23:37.328 [main] LoginPageStepDef - userNavigatesToPage
[INFO ] 2023-07-29 06:45:59.918 [main] LoginPageStepDef - BeforeStep
[INFO ] 2023-07-29 06:45:59.942 [main] LoginPageStepDef - BeforeStep
[INFO ] 2023-07-29 06:46:00.024 [main] LoginPageStepDef - BeforeStep
[INFO ] 2023-07-29 06:46:00.026 [main] LoginPageStepDef - BeforeStep
[INFO ] 2023-07-29 06:46:00.053 [main] LoginPageStepDef - BeforeStep
[INFO ] 2023-07-29 06:46:00.057 [main] LoginPageStepDef - BeforeStep
[INFO ] 2023-07-29 06:46:00.083 [main] LoginPageStepDef - BeforeStep
[INFO ] 2023-07-29 06:46:00.085 [main] LoginPageStepDef - userIsOnLoginPage
[INFO ] 2023-07-29 06:46:00.949 [main] LoginPageStepDef - BeforeStep
[INFO ] 2023-07-29 06:46:00.954 [main] LoginPageStepDef - userLogsIntoSystem
[INFO ] 2023-07-29 06:46:04.889 [main] LoginPageStepDef - BeforeStep
[INFO ] 2023-07-29 06:46:04.891 [main] LoginPageStepDef - userIsOnLoginPage
[INFO ] 2023-07-29 06:46:08.666 [main] LoginPageStepDef - BeforeStep
[INFO ] 2023-07-29 06:46:08.667 [main] LoginPageStepDef - userLogsIntoSystem
[INFO ] 2023-07-29 07:09:17.409 [main] LoginPageStepDef - BeforeStep
[INFO ] 2023-07-29 07:09:17.445 [main] LoginPageStepDef - BeforeStep
[INFO ] 2023-07-29 07:09:17.471 [main] LoginPageStepDef - BeforeStep
[INFO ] 2023-07-29 07:09:17.472 [main] LoginPageStepDef - BeforeStep
[INFO ] 2023-07-29 07:09:17.489 [main] LoginPageStepDef - BeforeStep
[INFO ] 2023-07-29 07:09:17.491 [main] LoginPageStepDef - BeforeStep
[INFO ] 2023-07-29 07:09:17.511 [main] LoginPageStepDef - BeforeStep
[INFO ] 2023-07-29 07:09:17.512 [main] LoginPageStepDef - userIsOnLoginPage
[INFO ] 2023-07-29 07:09:24.252 [main] LoginPageStepDef - BeforeStep
[INFO ] 2023-07-29 07:09:24.253 [main] LoginPageStepDef - userLogsIntoSystem
[INFO ] 2023-07-29 07:10:10.790 [main] LoginPageStepDef - BeforeStep
[INFO ] 2023-07-29 07:10:10.791 [main] LoginPageStepDef - userIsOnLoginPage
[INFO ] 2023-07-29 07:10:15.310 [main] LoginPageStepDef - BeforeStep
[INFO ] 2023-07-29 07:10:15.310 [main] LoginPageStepDef - userLogsIntoSystem
[INFO ] 2023-07-29 13:01:40.526 [main] LoginPageStepDef - BeforeStep
[INFO ] 2023-07-29 13:01:40.628 [main] LoginPageStepDef - BeforeStep
[INFO ] 2023-07-29 13:01:40.662 [main] LoginPageStepDef - BeforeStep
[INFO ] 2023-07-29 13:01:40.667 [main] LoginPageStepDef - BeforeStep
[INFO ] 2023-07-29 13:01:40.709 [main] LoginPageStepDef - BeforeStep
[INFO ] 2023-07-29 13:01:40.711 [main] LoginPageStepDef - userIsOnLoginPage
[INFO ] 2023-07-29 13:01:45.855 [main] LoginPageStepDef - BeforeStep
[INFO ] 2023-07-29 13:01:45.856 [main] LoginPageStepDef - userLogsIntoSystem
[INFO ] 2023-07-29 13:01:56.593 [main] LoginPageStepDef - BeforeStep
[INFO ] 2023-07-29 13:01:56.594 [main] LoginPageStepDef - userIsOnLoginPage
[INFO ] 2023-07-29 13:02:00.087 [main] LoginPageStepDef - BeforeStep
[INFO ] 2023-07-29 13:02:00.088 [main] LoginPageStepDef - userLogsIntoSystem
[INFO ] 2023-07-29 14:03:31.596 [main] LoginPageStepDef - BeforeStep
[INFO ] 2023-07-29 14:03:31.646 [main] LoginPageStepDef - BeforeStep
[INFO ] 2023-07-29 14:03:31.697 [main] LoginPageStepDef - BeforeStep
[INFO ] 2023-07-29 14:03:31.704 [main] LoginPageStepDef - BeforeStep
[INFO ] 2023-07-29 14:03:31.725 [main] LoginPageStepDef - BeforeStep
[INFO ] 2023-07-29 14:03:31.726 [main] LoginPageStepDef - BeforeStep
[INFO ] 2023-07-29 14:04:51.631 [main] LoginPageStepDef - BeforeStep
[INFO ] 2023-07-29 14:04:51.637 [main] LoginPageStepDef - BeforeStep
[INFO ] 2023-07-29 14:04:51.670 [main] LoginPageStepDef - BeforeStep
[INFO ] 2023-07-29 14:04:51.674 [main] LoginPageStepDef - BeforeStep
[INFO ] 2023-07-29 14:04:51.691 [main] LoginPageStepDef - BeforeStep
[INFO ] 2023-07-29 14:04:51.694 [main] LoginPageStepDef - BeforeStep
[INFO ] 2023-07-29 14:04:56.022 [main] LoginPageStepDef - BeforeStep
[INFO ] 2023-07-29 14:04:56.023 [main] LoginPageStepDef - userIsOnLoginPage
[INFO ] 2023-07-29 14:05:00.679 [main] LoginPageStepDef - BeforeStep
[INFO ] 2023-07-29 14:05:00.680 [main] LoginPageStepDef - userLogsIntoSystem
[INFO ] 2023-07-29 14:05:04.174 [main] LoginPageStepDef - BeforeStep
[INFO ] 2023-07-29 14:05:04.175 [main] LoginPageStepDef - userIsOnLoginPage
[INFO ] 2023-07-29 14:05:06.016 [main] LoginPageStepDef - BeforeStep
[INFO ] 2023-07-29 14:05:06.017 [main] LoginPageStepDef - userLogsIntoSystem
[INFO ] 2023-07-29 14:05:30.793 [main] LoginPageStepDef - BeforeStep
[INFO ] 2023-07-29 14:05:30.799 [main] LoginPageStepDef - BeforeStep
[INFO ] 2023-07-29 14:05:30.824 [main] LoginPageStepDef - BeforeStep
[INFO ] 2023-07-29 14:05:30.829 [main] LoginPageStepDef - BeforeStep
[INFO ] 2023-07-29 14:05:30.842 [main] LoginPageStepDef - BeforeStep
[INFO ] 2023-07-29 14:05:30.844 [main] LoginPageStepDef - BeforeStep
[INFO ] 2023-07-29 14:05:34.345 [main] LoginPageStepDef - BeforeStep
[INFO ] 2023-07-29 14:05:34.348 [main] LoginPageStepDef - userIsOnLoginPage
[INFO ] 2023-07-29 14:05:36.506 [main] LoginPageStepDef - BeforeStep
[INFO ] 2023-07-29 14:05:36.508 [main] LoginPageStepDef - userLogsIntoSystem
[INFO ] 2023-07-29 14:05:36.525 [main] LoginPageStepDef - BeforeStep
[INFO ] 2023-07-29 14:05:36.570 [main] LoginPageStepDef - BeforeStep
[INFO ] 2023-07-29 14:05:36.571 [main] LoginPageStepDef - userNavigatesToPage
[INFO ] 2023-07-29 14:05:46.711 [main] LoginPageStepDef - BeforeStep
[INFO ] 2023-07-29 14:05:46.712 [main] LoginPageStepDef - userIsOnLoginPage
[INFO ] 2023-07-29 14:05:48.073 [main] LoginPageStepDef - BeforeStep
[INFO ] 2023-07-29 14:05:48.075 [main] LoginPageStepDef - userLogsIntoSystem
[INFO ] 2023-07-29 14:05:48.104 [main] LoginPageStepDef - BeforeStep
[INFO ] 2023-07-29 14:05:48.105 [main] LoginPageStepDef - BeforeStep
[INFO ] 2023-07-29 14:05:48.106 [main] LoginPageStepDef - userNavigatesToPage
[INFO ] 2023-07-29 15:13:27.298 [main] LoginPageStepDef - BeforeStep
[INFO ] 2023-07-29 15:13:27.352 [main] LoginPageStepDef - BeforeStep
[INFO ] 2023-07-29 15:13:27.436 [main] LoginPageStepDef - BeforeStep
[INFO ] 2023-07-29 15:13:27.440 [main] LoginPageStepDef - BeforeStep
[INFO ] 2023-07-29 15:13:27.450 [main] LoginPageStepDef - BeforeStep
[INFO ] 2023-07-29 15:13:27.452 [main] LoginPageStepDef - BeforeStep
[INFO ] 2023-07-29 15:13:39.839 [main] LoginPageStepDef - BeforeStep
[INFO ] 2023-07-29 15:13:39.842 [main] LoginPageStepDef - userIsOnLoginPage
[INFO ] 2023-07-29 15:13:43.845 [main] LoginPageStepDef - BeforeStep
[INFO ] 2023-07-29 15:13:43.846 [main] LoginPageStepDef - userLogsIntoSystem
[INFO ] 2023-07-29 15:13:43.854 [main] LoginPageStepDef - BeforeStep
[INFO ] 2023-07-29 15:13:43.857 [main] LoginPageStepDef - BeforeStep
[INFO ] 2023-07-29 15:13:43.858 [main] LoginPageStepDef - userNavigatesToPage
[INFO ] 2023-07-29 15:13:51.729 [main] LoginPageStepDef - BeforeStep
[INFO ] 2023-07-29 15:13:51.731 [main] LoginPageStepDef - userIsOnLoginPage
[INFO ] 2023-07-29 15:13:52.770 [main] LoginPageStepDef - BeforeStep
[INFO ] 2023-07-29 15:13:52.770 [main] LoginPageStepDef - userLogsIntoSystem
[INFO ] 2023-07-29 15:13:52.779 [main] LoginPageStepDef - BeforeStep
[INFO ] 2023-07-29 15:13:52.780 [main] LoginPageStepDef - BeforeStep
[INFO ] 2023-07-29 15:13:52.781 [main] LoginPageStepDef - userNavigatesToPage
[INFO ] 2023-07-29 15:38:25.153 [main] LoginPageStepDef - BeforeStep
[INFO ] 2023-07-29 15:38:25.194 [main] LoginPageStepDef - BeforeStep
[INFO ] 2023-07-29 15:38:25.325 [main] LoginPageStepDef - BeforeStep
[INFO ] 2023-07-29 15:38:25.337 [main] LoginPageStepDef - BeforeStep
[INFO ] 2023-07-29 15:38:25.376 [main] LoginPageStepDef - BeforeStep
[INFO ] 2023-07-29 15:38:25.385 [main] LoginPageStepDef - BeforeStep
[INFO ] 2023-07-29 15:38:34.092 [main] LoginPageStepDef - BeforeStep
[INFO ] 2023-07-29 15:38:34.098 [main] LoginPageStepDef - userIsOnLoginPage
[INFO ] 2023-07-29 15:38:38.492 [main] LoginPageStepDef - BeforeStep
[INFO ] 2023-07-29 15:38:38.496 [main] LoginPageStepDef - userLogsIntoSystem
[INFO ] 2023-07-29 15:38:38.528 [main] LoginPageStepDef - BeforeStep
[INFO ] 2023-07-29 15:38:38.564 [main] LoginPageStepDef - BeforeStep
[INFO ] 2023-07-29 15:38:38.569 [main] LoginPageStepDef - userNavigatesToPage
[INFO ] 2023-07-29 15:38:48.501 [main] LoginPageStepDef - BeforeStep
[INFO ] 2023-07-29 15:38:48.504 [main] LoginPageStepDef - userIsOnLoginPage
[INFO ] 2023-07-29 15:38:49.479 [main] LoginPageStepDef - BeforeStep
[INFO ] 2023-07-29 15:38:49.480 [main] LoginPageStepDef - userLogsIntoSystem
[INFO ] 2023-07-29 15:38:49.522 [main] LoginPageStepDef - BeforeStep
[INFO ] 2023-07-29 15:38:49.525 [main] LoginPageStepDef - BeforeStep
[INFO ] 2023-07-29 15:38:49.527 [main] LoginPageStepDef - userNavigatesToPage
[INFO ] 2023-07-29 15:42:46.941 [main] LoginPageStepDef - BeforeStep
[INFO ] 2023-07-29 15:42:46.954 [main] LoginPageStepDef - BeforeStep
[INFO ] 2023-07-29 15:42:46.985 [main] LoginPageStepDef - BeforeStep
[INFO ] 2023-07-29 15:42:46.988 [main] LoginPageStepDef - BeforeStep
[INFO ] 2023-07-29 15:42:47.001 [main] LoginPageStepDef - BeforeStep
[INFO ] 2023-07-29 15:42:47.004 [main] LoginPageStepDef - BeforeStep
[INFO ] 2023-07-29 15:42:54.426 [main] LoginPageStepDef - BeforeStep
[INFO ] 2023-07-29 15:42:54.430 [main] LoginPageStepDef - userIsOnLoginPage
[INFO ] 2023-07-29 15:42:55.977 [main] LoginPageStepDef - BeforeStep
[INFO ] 2023-07-29 15:42:55.981 [main] LoginPageStepDef - userLogsIntoSystem
[INFO ] 2023-07-29 15:42:55.991 [main] LoginPageStepDef - BeforeStep
[INFO ] 2023-07-29 15:42:55.996 [main] LoginPageStepDef - BeforeStep
[INFO ] 2023-07-29 15:42:55.997 [main] LoginPageStepDef - userNavigatesToPage
[INFO ] 2023-07-29 15:43:07.029 [main] LoginPageStepDef - BeforeStep
[INFO ] 2023-07-29 15:43:07.030 [main] LoginPageStepDef - userIsOnLoginPage
[INFO ] 2023-07-29 15:43:08.479 [main] LoginPageStepDef - BeforeStep
[INFO ] 2023-07-29 15:43:08.480 [main] LoginPageStepDef - userLogsIntoSystem
[INFO ] 2023-07-29 15:43:08.491 [main] LoginPageStepDef - BeforeStep
[INFO ] 2023-07-29 15:43:08.493 [main] LoginPageStepDef - BeforeStep
[INFO ] 2023-07-29 15:43:08.495 [main] LoginPageStepDef - userNavigatesToPage
[INFO ] 2023-07-29 15:54:49.674 [main] LoginPageStepDef - BeforeStep
[INFO ] 2023-07-29 15:54:49.676 [main] LoginPageStepDef - userIsOnLoginPage
[INFO ] 2023-07-29 15:54:54.076 [main] LoginPageStepDef - BeforeStep
[INFO ] 2023-07-29 15:54:54.077 [main] LoginPageStepDef - userLogsIntoSystem
[INFO ] 2023-07-29 15:54:54.091 [main] LoginPageStepDef - BeforeStep
[INFO ] 2023-07-29 15:54:54.142 [main] LoginPageStepDef - BeforeStep
[INFO ] 2023-07-29 15:54:54.143 [main] LoginPageStepDef - userNavigatesToPage
[INFO ] 2023-07-29 15:55:01.196 [main] LoginPageStepDef - BeforeStep
[INFO ] 2023-07-29 15:55:01.196 [main] LoginPageStepDef - userIsOnLoginPage
[INFO ] 2023-07-29 15:55:02.226 [main] LoginPageStepDef - BeforeStep
[INFO ] 2023-07-29 15:55:02.226 [main] LoginPageStepDef - userLogsIntoSystem
[INFO ] 2023-07-29 15:55:02.238 [main] LoginPageStepDef - BeforeStep
[INFO ] 2023-07-29 15:55:02.240 [main] LoginPageStepDef - BeforeStep
[INFO ] 2023-07-29 15:55:02.241 [main] LoginPageStepDef - userNavigatesToPage
[INFO ] 2023-07-29 15:55:07.596 [main] LoginPageStepDef - BeforeStep
[INFO ] 2023-07-29 15:55:07.596 [main] LoginPageStepDef - userIsOnLoginPage
[INFO ] 2023-07-29 15:55:08.750 [main] LoginPageStepDef - BeforeStep
[INFO ] 2023-07-29 15:55:08.751 [main] LoginPageStepDef - userLogsIntoSystem
[INFO ] 2023-07-29 15:55:08.760 [main] LoginPageStepDef - BeforeStep
[INFO ] 2023-07-29 15:55:08.760 [main] LoginPageStepDef - BeforeStep
[INFO ] 2023-07-29 15:55:08.761 [main] LoginPageStepDef - userNavigatesToPage
[INFO ] 2023-07-29 15:59:33.733 [main] LoginPageStepDef - BeforeStep
[INFO ] 2023-07-29 15:59:33.735 [main] LoginPageStepDef - userIsOnLoginPage
[INFO ] 2023-07-29 15:59:35.219 [main] LoginPageStepDef - BeforeStep
[INFO ] 2023-07-29 15:59:35.220 [main] LoginPageStepDef - userLogsIntoSystem
[INFO ] 2023-07-29 15:59:35.228 [main] LoginPageStepDef - BeforeStep
[INFO ] 2023-07-29 15:59:35.231 [main] LoginPageStepDef - BeforeStep
[INFO ] 2023-07-29 15:59:35.232 [main] LoginPageStepDef - userNavigatesToPage
[INFO ] 2023-07-29 15:59:41.173 [main] LoginPageStepDef - BeforeStep
[INFO ] 2023-07-29 15:59:41.173 [main] LoginPageStepDef - userIsOnLoginPage
[INFO ] 2023-07-29 15:59:42.290 [main] LoginPageStepDef - BeforeStep
[INFO ] 2023-07-29 15:59:42.291 [main] LoginPageStepDef - userLogsIntoSystem
[INFO ] 2023-07-29 15:59:42.306 [main] LoginPageStepDef - BeforeStep
[INFO ] 2023-07-29 15:59:42.310 [main] LoginPageStepDef - BeforeStep
[INFO ] 2023-07-29 15:59:42.311 [main] LoginPageStepDef - userNavigatesToPage
[INFO ] 2023-07-29 15:59:47.208 [main] LoginPageStepDef - BeforeStep
[INFO ] 2023-07-29 15:59:47.209 [main] LoginPageStepDef - userIsOnLoginPage
[INFO ] 2023-07-29 15:59:48.200 [main] LoginPageStepDef - BeforeStep
[INFO ] 2023-07-29 15:59:48.200 [main] LoginPageStepDef - userLogsIntoSystem
[INFO ] 2023-07-29 15:59:48.208 [main] LoginPageStepDef - BeforeStep
[INFO ] 2023-07-29 15:59:48.209 [main] LoginPageStepDef - BeforeStep
[INFO ] 2023-07-29 15:59:48.209 [main] LoginPageStepDef - userNavigatesToPage
[INFO ] 2023-07-29 16:03:36.948 [main] LoginPageStepDef - BeforeStep
[INFO ] 2023-07-29 16:03:36.951 [main] LoginPageStepDef - userIsOnLoginPage
[INFO ] 2023-07-29 16:03:38.093 [main] LoginPageStepDef - BeforeStep
[INFO ] 2023-07-29 16:03:38.094 [main] LoginPageStepDef - userLogsIntoSystem
[INFO ] 2023-07-29 16:03:38.102 [main] LoginPageStepDef - BeforeStep
[INFO ] 2023-07-29 16:03:38.105 [main] LoginPageStepDef - BeforeStep
[INFO ] 2023-07-29 16:03:38.106 [main] LoginPageStepDef - userNavigatesToPage
[INFO ] 2023-07-29 16:03:48.339 [main] LoginPageStepDef - BeforeStep
[INFO ] 2023-07-29 16:03:48.339 [main] LoginPageStepDef - userIsOnLoginPage
[INFO ] 2023-07-29 16:03:49.591 [main] LoginPageStepDef - BeforeStep
[INFO ] 2023-07-29 16:03:49.592 [main] LoginPageStepDef - userLogsIntoSystem
[INFO ] 2023-07-29 16:03:49.604 [main] LoginPageStepDef - BeforeStep
[INFO ] 2023-07-29 16:03:49.607 [main] LoginPageStepDef - BeforeStep
[INFO ] 2023-07-29 16:03:49.607 [main] LoginPageStepDef - userNavigatesToPage
[INFO ] 2023-07-29 16:03:56.708 [main] LoginPageStepDef - BeforeStep
[INFO ] 2023-07-29 16:03:56.708 [main] LoginPageStepDef - userIsOnLoginPage
[INFO ] 2023-07-29 16:03:57.879 [main] LoginPageStepDef - BeforeStep
[INFO ] 2023-07-29 16:03:57.881 [main] LoginPageStepDef - userLogsIntoSystem
[INFO ] 2023-07-29 16:03:57.892 [main] LoginPageStepDef - BeforeStep
[INFO ] 2023-07-29 16:03:57.893 [main] LoginPageStepDef - BeforeStep
[INFO ] 2023-07-29 16:03:57.893 [main] LoginPageStepDef - userNavigatesToPage
[INFO ] 2023-07-29 16:38:26.042 [main] LoginPageStepDef - BeforeStep
[INFO ] 2023-07-29 16:38:26.068 [main] LoginPageStepDef - userIsOnLoginPage
[INFO ] 2023-07-29 16:38:31.099 [main] LoginPageStepDef - BeforeStep
[INFO ] 2023-07-29 16:38:31.100 [main] LoginPageStepDef - userLogsIntoSystem
[INFO ] 2023-07-29 16:38:31.110 [main] LoginPageStepDef - BeforeStep
[INFO ] 2023-07-29 16:38:31.143 [main] LoginPageStepDef - BeforeStep
[INFO ] 2023-07-29 16:38:31.145 [main] LoginPageStepDef - userNavigatesToPage
[INFO ] 2023-07-29 16:38:44.553 [main] LoginPageStepDef - BeforeStep
[INFO ] 2023-07-29 16:38:44.555 [main] LoginPageStepDef - userIsOnLoginPage
[INFO ] 2023-07-29 16:38:49.311 [main] LoginPageStepDef - BeforeStep
[INFO ] 2023-07-29 16:38:49.312 [main] LoginPageStepDef - userLogsIntoSystem
[INFO ] 2023-07-29 16:38:49.321 [main] LoginPageStepDef - BeforeStep
[INFO ] 2023-07-29 16:38:49.323 [main] LoginPageStepDef - BeforeStep
[INFO ] 2023-07-29 16:38:49.324 [main] LoginPageStepDef - userNavigatesToPage
[INFO ] 2023-07-29 16:38:59.959 [main] LoginPageStepDef - BeforeStep
[INFO ] 2023-07-29 16:38:59.960 [main] LoginPageStepDef - userIsOnLoginPage
[INFO ] 2023-07-29 16:39:02.033 [main] LoginPageStepDef - BeforeStep
[INFO ] 2023-07-29 16:39:02.034 [main] LoginPageStepDef - userLogsIntoSystem
[INFO ] 2023-07-29 16:39:02.046 [main] LoginPageStepDef - BeforeStep
[INFO ] 2023-07-29 16:39:02.047 [main] LoginPageStepDef - BeforeStep
[INFO ] 2023-07-29 16:39:02.047 [main] LoginPageStepDef - userNavigatesToPage
[INFO ] 2023-07-29 17:39:12.724 [main] LoginPageStepDef - BeforeStep
[INFO ] 2023-07-29 17:39:12.845 [main] LoginPageStepDef - userIsOnLoginPage
[INFO ] 2023-07-29 17:39:19.275 [main] LoginPageStepDef - BeforeStep
[INFO ] 2023-07-29 17:39:19.277 [main] LoginPageStepDef - userLogsIntoSystem
[INFO ] 2023-07-29 17:39:19.289 [main] LoginPageStepDef - BeforeStep
[INFO ] 2023-07-29 17:39:19.295 [main] LoginPageStepDef - BeforeStep
[INFO ] 2023-07-29 17:39:19.299 [main] LoginPageStepDef - userNavigatesToPage
[INFO ] 2023-07-29 17:39:29.950 [main] LoginPageStepDef - BeforeStep
[INFO ] 2023-07-29 17:39:29.953 [main] MoneyCtrlPageStepDef - userNavigatesToPage
[INFO ] 2023-07-29 17:48:42.956 [main] LoginPageStepDef - BeforeStep
[INFO ] 2023-07-29 17:48:43.049 [main] LoginPageStepDef - userIsOnLoginPage
[INFO ] 2023-07-29 17:48:43.783 [main] LoginPageStepDef - BeforeStep
[INFO ] 2023-07-29 17:48:43.785 [main] LoginPageStepDef - userLogsIntoSystem
[INFO ] 2023-07-29 17:48:43.797 [main] LoginPageStepDef - BeforeStep
[INFO ] 2023-07-29 17:48:43.838 [main] LoginPageStepDef - BeforeStep
[INFO ] 2023-07-29 17:48:43.844 [main] LoginPageStepDef - userNavigatesToPage
[INFO ] 2023-07-29 17:49:19.870 [main] LoginPageStepDef - BeforeStep
[INFO ] 2023-07-29 17:49:20.012 [main] MoneyCtrlPageStepDef - userNavigatesToPage
[INFO ] 2023-07-29 17:52:38.396 [main] LoginPageStepDef - BeforeStep
[INFO ] 2023-07-29 17:52:38.404 [main] LoginPageStepDef - userIsOnLoginPage
[INFO ] 2023-07-29 17:52:41.783 [main] LoginPageStepDef - BeforeStep
[INFO ] 2023-07-29 17:52:41.787 [main] LoginPageStepDef - userLogsIntoSystem
[INFO ] 2023-07-29 17:52:41.805 [main] LoginPageStepDef - BeforeStep
[INFO ] 2023-07-29 17:52:41.814 [main] LoginPageStepDef - BeforeStep
[INFO ] 2023-07-29 17:52:41.822 [main] LoginPageStepDef - userNavigatesToPage
[INFO ] 2023-07-29 17:53:02.658 [main] LoginPageStepDef - BeforeStep
[INFO ] 2023-07-29 17:53:02.804 [main] MoneyCtrlPageStepDef - userNavigatesToPage
[INFO ] 2023-07-29 17:56:03.044 [main] LoginPageStepDef - BeforeStep
[INFO ] 2023-07-29 17:56:03.045 [main] MoneyCtrlPageStepDef - BeforeStep
[INFO ] 2023-07-29 17:56:03.047 [main] LoginPageStepDef - userIsOnLoginPage
[INFO ] 2023-07-29 17:56:03.649 [main] LoginPageStepDef - BeforeStep
[INFO ] 2023-07-29 17:56:03.651 [main] MoneyCtrlPageStepDef - BeforeStep
[INFO ] 2023-07-29 17:56:03.653 [main] LoginPageStepDef - userLogsIntoSystem
[INFO ] 2023-07-29 17:56:03.682 [main] LoginPageStepDef - BeforeStep
[INFO ] 2023-07-29 17:56:03.684 [main] MoneyCtrlPageStepDef - BeforeStep
[INFO ] 2023-07-29 17:56:03.697 [main] LoginPageStepDef - BeforeStep
[INFO ] 2023-07-29 17:56:03.699 [main] MoneyCtrlPageStepDef - BeforeStep
[INFO ] 2023-07-29 17:56:03.701 [main] LoginPageStepDef - userNavigatesToPage
[INFO ] 2023-07-29 17:56:14.952 [main] LoginPageStepDef - BeforeStep
[INFO ] 2023-07-29 17:56:14.964 [main] MoneyCtrlPageStepDef - BeforeStep
[INFO ] 2023-07-29 17:56:14.966 [main] LoginPageStepDef - userIsOnLoginPage
[INFO ] 2023-07-29 17:56:16.892 [main] LoginPageStepDef - BeforeStep
[INFO ] 2023-07-29 17:56:16.893 [main] MoneyCtrlPageStepDef - BeforeStep
[INFO ] 2023-07-29 17:56:16.894 [main] LoginPageStepDef - userLogsIntoSystem
[INFO ] 2023-07-29 17:56:16.910 [main] LoginPageStepDef - BeforeStep
[INFO ] 2023-07-29 17:56:16.911 [main] MoneyCtrlPageStepDef - BeforeStep
[INFO ] 2023-07-29 17:56:16.912 [main] LoginPageStepDef - BeforeStep
[INFO ] 2023-07-29 17:56:16.912 [main] MoneyCtrlPageStepDef - BeforeStep
[INFO ] 2023-07-29 17:56:16.913 [main] LoginPageStepDef - userNavigatesToPage
[INFO ] 2023-07-29 17:56:39.400 [main] LoginPageStepDef - BeforeStep
[INFO ] 2023-07-29 17:56:39.400 [main] MoneyCtrlPageStepDef - BeforeStep
[INFO ] 2023-07-29 17:56:39.401 [main] LoginPageStepDef - userIsOnLoginPage
[INFO ] 2023-07-29 17:56:41.240 [main] LoginPageStepDef - BeforeStep
[INFO ] 2023-07-29 17:56:41.241 [main] MoneyCtrlPageStepDef - BeforeStep
[INFO ] 2023-07-29 17:56:41.243 [main] LoginPageStepDef - userNavigatesToPage
[INFO ] 2023-07-29 17:56:47.262 [main] LoginPageStepDef - BeforeStep
[INFO ] 2023-07-29 17:56:47.263 [main] MoneyCtrlPageStepDef - BeforeStep
[INFO ] 2023-07-29 17:56:47.264 [main] MoneyCtrlPageStepDef - userNavigatesToPage
[INFO ] 2023-07-29 18:04:45.565 [main] LoginPageStepDef - BeforeStep
[INFO ] 2023-07-29 18:04:45.567 [main] MoneyCtrlPageStepDef - BeforeStep
[INFO ] 2023-07-29 18:04:45.569 [main] LoginPageStepDef - userIsOnLoginPage
[INFO ] 2023-07-29 18:04:48.564 [main] LoginPageStepDef - BeforeStep
[INFO ] 2023-07-29 18:04:48.565 [main] MoneyCtrlPageStepDef - BeforeStep
[INFO ] 2023-07-29 18:04:48.567 [main] LoginPageStepDef - userLogsIntoSystem
[INFO ] 2023-07-29 18:04:48.585 [main] LoginPageStepDef - BeforeStep
[INFO ] 2023-07-29 18:04:48.587 [main] MoneyCtrlPageStepDef - BeforeStep
[INFO ] 2023-07-29 18:04:48.593 [main] LoginPageStepDef - BeforeStep
[INFO ] 2023-07-29 18:04:48.594 [main] MoneyCtrlPageStepDef - BeforeStep
[INFO ] 2023-07-29 18:04:48.595 [main] LoginPageStepDef - userNavigatesToPage
[INFO ] 2023-07-29 18:04:59.645 [main] LoginPageStepDef - BeforeStep
[INFO ] 2023-07-29 18:04:59.654 [main] MoneyCtrlPageStepDef - BeforeStep
[INFO ] 2023-07-29 18:04:59.656 [main] LoginPageStepDef - userIsOnLoginPage
[INFO ] 2023-07-29 18:05:01.456 [main] LoginPageStepDef - BeforeStep
[INFO ] 2023-07-29 18:05:01.457 [main] MoneyCtrlPageStepDef - BeforeStep
[INFO ] 2023-07-29 18:05:01.457 [main] LoginPageStepDef - userLogsIntoSystem
[INFO ] 2023-07-29 18:05:01.469 [main] LoginPageStepDef - BeforeStep
[INFO ] 2023-07-29 18:05:01.470 [main] MoneyCtrlPageStepDef - BeforeStep
[INFO ] 2023-07-29 18:05:01.472 [main] LoginPageStepDef - BeforeStep
[INFO ] 2023-07-29 18:05:01.473 [main] MoneyCtrlPageStepDef - BeforeStep
[INFO ] 2023-07-29 18:05:01.475 [main] LoginPageStepDef - userNavigatesToPage
[INFO ] 2023-07-29 18:05:36.414 [main] LoginPageStepDef - BeforeStep
[INFO ] 2023-07-29 18:05:36.415 [main] MoneyCtrlPageStepDef - BeforeStep
[INFO ] 2023-07-29 18:05:36.416 [main] LoginPageStepDef - userIsOnLoginPage
[INFO ] 2023-07-29 18:05:42.282 [main] LoginPageStepDef - BeforeStep
[INFO ] 2023-07-29 18:05:42.284 [main] MoneyCtrlPageStepDef - BeforeStep
[INFO ] 2023-07-29 18:05:42.286 [main] LoginPageStepDef - userNavigatesToPage
[INFO ] 2023-07-29 18:05:58.542 [main] LoginPageStepDef - BeforeStep
[INFO ] 2023-07-29 18:05:58.544 [main] MoneyCtrlPageStepDef - BeforeStep
[INFO ] 2023-07-29 18:05:58.546 [main] MoneyCtrlPageStepDef - userNavigatesToPage
[INFO ] 2023-07-29 18:09:50.359 [main] LoginPageStepDef - BeforeStep
[INFO ] 2023-07-29 18:09:50.360 [main] MoneyCtrlPageStepDef - BeforeStep
[INFO ] 2023-07-29 18:09:50.365 [main] LoginPageStepDef - userIsOnLoginPage
[INFO ] 2023-07-29 18:09:51.503 [main] LoginPageStepDef - BeforeStep
[INFO ] 2023-07-29 18:09:51.504 [main] MoneyCtrlPageStepDef - BeforeStep
[INFO ] 2023-07-29 18:09:51.506 [main] LoginPageStepDef - userLogsIntoSystem
[INFO ] 2023-07-29 18:09:51.523 [main] LoginPageStepDef - BeforeStep
[INFO ] 2023-07-29 18:09:51.524 [main] MoneyCtrlPageStepDef - BeforeStep
[INFO ] 2023-07-29 18:09:51.528 [main] LoginPageStepDef - BeforeStep
[INFO ] 2023-07-29 18:09:51.529 [main] MoneyCtrlPageStepDef - BeforeStep
[INFO ] 2023-07-29 18:09:51.530 [main] LoginPageStepDef - userNavigatesToPage
[INFO ] 2023-07-29 18:09:59.474 [main] LoginPageStepDef - BeforeStep
[INFO ] 2023-07-29 18:09:59.478 [main] MoneyCtrlPageStepDef - BeforeStep
[INFO ] 2023-07-29 18:09:59.479 [main] LoginPageStepDef - userIsOnLoginPage
[INFO ] 2023-07-29 18:10:00.956 [main] LoginPageStepDef - BeforeStep
[INFO ] 2023-07-29 18:10:00.957 [main] MoneyCtrlPageStepDef - BeforeStep
[INFO ] 2023-07-29 18:10:00.960 [main] LoginPageStepDef - userLogsIntoSystem
[INFO ] 2023-07-29 18:10:00.978 [main] LoginPageStepDef - BeforeStep
[INFO ] 2023-07-29 18:10:00.979 [main] MoneyCtrlPageStepDef - BeforeStep
[INFO ] 2023-07-29 18:10:00.980 [main] LoginPageStepDef - BeforeStep
[INFO ] 2023-07-29 18:10:00.981 [main] MoneyCtrlPageStepDef - BeforeStep
[INFO ] 2023-07-29 18:10:00.982 [main] LoginPageStepDef - userNavigatesToPage
[INFO ] 2023-07-29 18:10:22.071 [main] LoginPageStepDef - BeforeStep
[INFO ] 2023-07-29 18:10:22.072 [main] MoneyCtrlPageStepDef - BeforeStep
[INFO ] 2023-07-29 18:10:22.074 [main] LoginPageStepDef - userIsOnLoginPage
[INFO ] 2023-07-29 18:10:28.634 [main] LoginPageStepDef - BeforeStep
[INFO ] 2023-07-29 18:10:28.636 [main] MoneyCtrlPageStepDef - BeforeStep
[INFO ] 2023-07-29 18:10:28.638 [main] LoginPageStepDef - userNavigatesToPage
[INFO ] 2023-07-29 18:10:37.573 [main] LoginPageStepDef - BeforeStep
[INFO ] 2023-07-29 18:10:37.575 [main] MoneyCtrlPageStepDef - BeforeStep
[INFO ] 2023-07-29 18:10:37.579 [main] MoneyCtrlPageStepDef - userNavigatesToPage
[INFO ] 2023-07-29 18:24:59.946 [main] LoginPageStepDef - BeforeStep
[INFO ] 2023-07-29 18:24:59.995 [main] MoneyCtrlPageStepDef - BeforeStep
[INFO ] 2023-07-29 18:25:00.062 [main] LoginPageStepDef - userIsOnLoginPage
[INFO ] 2023-07-29 18:25:00.912 [main] LoginPageStepDef - BeforeStep
[INFO ] 2023-07-29 18:25:00.914 [main] MoneyCtrlPageStepDef - BeforeStep
[INFO ] 2023-07-29 18:25:00.919 [main] LoginPageStepDef - userNavigatesToPage
[INFO ] 2023-07-29 18:25:20.317 [main] LoginPageStepDef - BeforeStep
[INFO ] 2023-07-29 18:25:20.323 [main] MoneyCtrlPageStepDef - BeforeStep
[INFO ] 2023-07-29 18:25:20.326 [main] MoneyCtrlPageStepDef - userNavigatesToPage
[INFO ] 2023-07-29 18:32:45.802 [main] LoginPageStepDef - BeforeStep
[INFO ] 2023-07-29 18:32:45.803 [main] MoneyCtrlPageStepDef - BeforeStep
[INFO ] 2023-07-29 18:32:45.805 [main] LoginPageStepDef - userIsOnLoginPage
[INFO ] 2023-07-29 18:32:47.641 [main] LoginPageStepDef - BeforeStep
[INFO ] 2023-07-29 18:32:47.643 [main] MoneyCtrlPageStepDef - BeforeStep
[INFO ] 2023-07-29 18:32:47.646 [main] LoginPageStepDef - userLogsIntoSystem
[INFO ] 2023-07-29 18:32:47.667 [main] LoginPageStepDef - BeforeStep
[INFO ] 2023-07-29 18:32:47.668 [main] MoneyCtrlPageStepDef - BeforeStep
[INFO ] 2023-07-29 18:32:47.671 [main] LoginPageStepDef - BeforeStep
[INFO ] 2023-07-29 18:32:47.672 [main] MoneyCtrlPageStepDef - BeforeStep
[INFO ] 2023-07-29 18:32:47.674 [main] LoginPageStepDef - userNavigatesToPage
[INFO ] 2023-07-29 18:32:55.505 [main] LoginPageStepDef - BeforeStep
[INFO ] 2023-07-29 18:32:55.511 [main] MoneyCtrlPageStepDef - BeforeStep
[INFO ] 2023-07-29 18:32:55.512 [main] LoginPageStepDef - userIsOnLoginPage
[INFO ] 2023-07-29 18:32:56.959 [main] LoginPageStepDef - BeforeStep
[INFO ] 2023-07-29 18:32:56.960 [main] MoneyCtrlPageStepDef - BeforeStep
[INFO ] 2023-07-29 18:32:56.961 [main] LoginPageStepDef - userLogsIntoSystem
[INFO ] 2023-07-29 18:32:56.974 [main] LoginPageStepDef - BeforeStep
[INFO ] 2023-07-29 18:32:56.974 [main] MoneyCtrlPageStepDef - BeforeStep
[INFO ] 2023-07-29 18:32:56.976 [main] LoginPageStepDef - BeforeStep
[INFO ] 2023-07-29 18:32:56.978 [main] MoneyCtrlPageStepDef - BeforeStep
[INFO ] 2023-07-29 18:32:56.979 [main] LoginPageStepDef - userNavigatesToPage
[INFO ] 2023-07-29 18:33:08.222 [main] LoginPageStepDef - BeforeStep
[INFO ] 2023-07-29 18:33:08.224 [main] MoneyCtrlPageStepDef - BeforeStep
[INFO ] 2023-07-29 18:33:08.227 [main] LoginPageStepDef - userIsOnLoginPage
[INFO ] 2023-07-29 18:33:09.801 [main] LoginPageStepDef - BeforeStep
[INFO ] 2023-07-29 18:33:09.802 [main] MoneyCtrlPageStepDef - BeforeStep
[INFO ] 2023-07-29 18:33:09.804 [main] LoginPageStepDef - userNavigatesToPage
[INFO ] 2023-07-29 18:33:15.380 [main] LoginPageStepDef - BeforeStep
[INFO ] 2023-07-29 18:33:15.381 [main] MoneyCtrlPageStepDef - BeforeStep
[INFO ] 2023-07-29 18:33:15.383 [main] MoneyCtrlPageStepDef - userNavigatesToPage
[INFO ] 2023-07-29 18:35:40.104 [main] LoginPageStepDef - BeforeStep
[INFO ] 2023-07-29 18:35:40.105 [main] MoneyCtrlPageStepDef - BeforeStep
[INFO ] 2023-07-29 18:35:40.109 [main] LoginPageStepDef - userIsOnLoginPage
[INFO ] 2023-07-29 18:35:41.301 [main] LoginPageStepDef - BeforeStep
[INFO ] 2023-07-29 18:35:41.302 [main] MoneyCtrlPageStepDef - BeforeStep
[INFO ] 2023-07-29 18:35:41.302 [main] LoginPageStepDef - userLogsIntoSystem
[INFO ] 2023-07-29 18:35:41.316 [main] LoginPageStepDef - BeforeStep
[INFO ] 2023-07-29 18:35:41.317 [main] MoneyCtrlPageStepDef - BeforeStep
[INFO ] 2023-07-29 18:35:41.320 [main] LoginPageStepDef - BeforeStep
[INFO ] 2023-07-29 18:35:41.320 [main] MoneyCtrlPageStepDef - BeforeStep
[INFO ] 2023-07-29 18:35:41.321 [main] LoginPageStepDef - userNavigatesToPage
[INFO ] 2023-07-29 18:35:49.462 [main] LoginPageStepDef - BeforeStep
[INFO ] 2023-07-29 18:35:49.463 [main] MoneyCtrlPageStepDef - BeforeStep
[INFO ] 2023-07-29 18:35:49.466 [main] LoginPageStepDef - userIsOnLoginPage
[INFO ] 2023-07-29 18:35:51.896 [main] LoginPageStepDef - BeforeStep
[INFO ] 2023-07-29 18:35:51.897 [main] MoneyCtrlPageStepDef - BeforeStep
[INFO ] 2023-07-29 18:35:51.898 [main] LoginPageStepDef - userLogsIntoSystem
[INFO ] 2023-07-29 18:35:51.919 [main] LoginPageStepDef - BeforeStep
[INFO ] 2023-07-29 18:35:51.921 [main] MoneyCtrlPageStepDef - BeforeStep
[INFO ] 2023-07-29 18:35:51.922 [main] LoginPageStepDef - BeforeStep
[INFO ] 2023-07-29 18:35:51.923 [main] MoneyCtrlPageStepDef - BeforeStep
[INFO ] 2023-07-29 18:35:51.924 [main] LoginPageStepDef - userNavigatesToPage
[INFO ] 2023-07-29 18:36:03.530 [main] LoginPageStepDef - BeforeStep
[INFO ] 2023-07-29 18:36:03.530 [main] MoneyCtrlPageStepDef - BeforeStep
[INFO ] 2023-07-29 18:36:03.531 [main] LoginPageStepDef - userIsOnLoginPage
[INFO ] 2023-07-29 18:36:06.739 [main] LoginPageStepDef - BeforeStep
[INFO ] 2023-07-29 18:36:06.740 [main] MoneyCtrlPageStepDef - BeforeStep
[INFO ] 2023-07-29 18:36:06.741 [main] LoginPageStepDef - userNavigatesToPage
[INFO ] 2023-07-29 18:36:15.708 [main] LoginPageStepDef - BeforeStep
[INFO ] 2023-07-29 18:36:15.709 [main] MoneyCtrlPageStepDef - BeforeStep
[INFO ] 2023-07-29 18:36:15.710 [main] MoneyCtrlPageStepDef - userNavigatesToPage
[INFO ] 2023-07-29 18:37:55.240 [main] LoginPageStepDef - BeforeStep
[INFO ] 2023-07-29 18:37:55.242 [main] MoneyCtrlPageStepDef - BeforeStep
[INFO ] 2023-07-29 18:37:55.242 [main] LoginPageStepDef - userIsOnLoginPage
[INFO ] 2023-07-29 18:38:00.418 [main] LoginPageStepDef - BeforeStep
[INFO ] 2023-07-29 18:38:00.418 [main] MoneyCtrlPageStepDef - BeforeStep
[INFO ] 2023-07-29 18:38:00.419 [main] LoginPageStepDef - userIsOnLoginPage
[INFO ] 2023-07-29 18:38:01.021 [main] LoginPageStepDef - BeforeStep
[INFO ] 2023-07-29 18:38:01.022 [main] MoneyCtrlPageStepDef - BeforeStep
[INFO ] 2023-07-29 18:38:01.022 [main] LoginPageStepDef - userLogsIntoSystem
[INFO ] 2023-07-29 18:38:01.043 [main] LoginPageStepDef - BeforeStep
[INFO ] 2023-07-29 18:38:01.044 [main] MoneyCtrlPageStepDef - BeforeStep
[INFO ] 2023-07-29 18:38:01.050 [main] LoginPageStepDef - BeforeStep
[INFO ] 2023-07-29 18:38:01.050 [main] MoneyCtrlPageStepDef - BeforeStep
[INFO ] 2023-07-29 18:38:01.051 [main] LoginPageStepDef - userNavigatesToPage
[INFO ] 2023-07-29 18:38:01.610 [main] LoginPageStepDef - BeforeStep
[INFO ] 2023-07-29 18:38:01.613 [main] MoneyCtrlPageStepDef - BeforeStep
[INFO ] 2023-07-29 18:38:01.616 [main] LoginPageStepDef - userLogsIntoSystem
[INFO ] 2023-07-29 18:38:01.713 [main] LoginPageStepDef - BeforeStep
[INFO ] 2023-07-29 18:38:01.715 [main] MoneyCtrlPageStepDef - BeforeStep
[INFO ] 2023-07-29 18:38:01.799 [main] LoginPageStepDef - BeforeStep
[INFO ] 2023-07-29 18:38:01.801 [main] MoneyCtrlPageStepDef - BeforeStep
[INFO ] 2023-07-29 18:38:01.804 [main] LoginPageStepDef - userNavigatesToPage
[INFO ] 2023-07-29 18:38:06.516 [main] LoginPageStepDef - BeforeStep
[INFO ] 2023-07-29 18:38:06.518 [main] MoneyCtrlPageStepDef - BeforeStep
[INFO ] 2023-07-29 18:38:06.520 [main] LoginPageStepDef - userIsOnLoginPage
[INFO ] 2023-07-29 18:38:08.650 [main] LoginPageStepDef - BeforeStep
[INFO ] 2023-07-29 18:38:08.650 [main] MoneyCtrlPageStepDef - BeforeStep
[INFO ] 2023-07-29 18:38:08.651 [main] LoginPageStepDef - userLogsIntoSystem
[INFO ] 2023-07-29 18:38:08.667 [main] LoginPageStepDef - BeforeStep
[INFO ] 2023-07-29 18:38:08.667 [main] MoneyCtrlPageStepDef - BeforeStep
[INFO ] 2023-07-29 18:38:08.671 [main] LoginPageStepDef - BeforeStep
[INFO ] 2023-07-29 18:38:08.672 [main] MoneyCtrlPageStepDef - BeforeStep
[INFO ] 2023-07-29 18:38:08.673 [main] LoginPageStepDef - userNavigatesToPage
[INFO ] 2023-07-29 18:38:10.305 [main] LoginPageStepDef - BeforeStep
[INFO ] 2023-07-29 18:38:10.306 [main] MoneyCtrlPageStepDef - BeforeStep
[INFO ] 2023-07-29 18:38:10.307 [main] LoginPageStepDef - userIsOnLoginPage
[INFO ] 2023-07-29 18:38:10.832 [main] LoginPageStepDef - BeforeStep
[INFO ] 2023-07-29 18:38:10.834 [main] MoneyCtrlPageStepDef - BeforeStep
[INFO ] 2023-07-29 18:38:10.835 [main] LoginPageStepDef - userIsOnLoginPage
[INFO ] 2023-07-29 18:38:11.756 [main] LoginPageStepDef - BeforeStep
[INFO ] 2023-07-29 18:38:11.757 [main] MoneyCtrlPageStepDef - BeforeStep
[INFO ] 2023-07-29 18:38:11.757 [main] LoginPageStepDef - userLogsIntoSystem
[INFO ] 2023-07-29 18:38:11.786 [main] LoginPageStepDef - BeforeStep
[INFO ] 2023-07-29 18:38:11.786 [main] MoneyCtrlPageStepDef - BeforeStep
[INFO ] 2023-07-29 18:38:11.787 [main] LoginPageStepDef - BeforeStep
[INFO ] 2023-07-29 18:38:11.787 [main] MoneyCtrlPageStepDef - BeforeStep
[INFO ] 2023-07-29 18:38:11.787 [main] LoginPageStepDef - userNavigatesToPage
[INFO ] 2023-07-29 18:38:12.230 [main] LoginPageStepDef - BeforeStep
[INFO ] 2023-07-29 18:38:12.231 [main] MoneyCtrlPageStepDef - BeforeStep
[INFO ] 2023-07-29 18:38:12.232 [main] LoginPageStepDef - userLogsIntoSystem
[INFO ] 2023-07-29 18:38:12.244 [main] LoginPageStepDef - BeforeStep
[INFO ] 2023-07-29 18:38:12.245 [main] MoneyCtrlPageStepDef - BeforeStep
[INFO ] 2023-07-29 18:38:12.246 [main] LoginPageStepDef - BeforeStep
[INFO ] 2023-07-29 18:38:12.247 [main] MoneyCtrlPageStepDef - BeforeStep
[INFO ] 2023-07-29 18:38:12.247 [main] LoginPageStepDef - userNavigatesToPage
[INFO ] 2023-07-29 18:38:14.879 [main] LoginPageStepDef - BeforeStep
[INFO ] 2023-07-29 18:38:14.880 [main] MoneyCtrlPageStepDef - BeforeStep
[INFO ] 2023-07-29 18:38:14.881 [main] LoginPageStepDef - userIsOnLoginPage
[INFO ] 2023-07-29 18:38:17.784 [main] LoginPageStepDef - BeforeStep
[INFO ] 2023-07-29 18:38:17.784 [main] MoneyCtrlPageStepDef - BeforeStep
[INFO ] 2023-07-29 18:38:17.784 [main] LoginPageStepDef - userLogsIntoSystem
[INFO ] 2023-07-29 18:38:17.795 [main] LoginPageStepDef - BeforeStep
[INFO ] 2023-07-29 18:38:17.795 [main] MoneyCtrlPageStepDef - BeforeStep
[INFO ] 2023-07-29 18:38:17.796 [main] LoginPageStepDef - BeforeStep
[INFO ] 2023-07-29 18:38:17.796 [main] MoneyCtrlPageStepDef - BeforeStep
[INFO ] 2023-07-29 18:38:17.796 [main] LoginPageStepDef - userNavigatesToPage
[INFO ] 2023-07-29 18:38:22.912 [main] LoginPageStepDef - BeforeStep
[INFO ] 2023-07-29 18:38:22.914 [main] MoneyCtrlPageStepDef - BeforeStep
[INFO ] 2023-07-29 18:38:22.914 [main] LoginPageStepDef - userIsOnLoginPage
[INFO ] 2023-07-29 18:38:22.941 [main] LoginPageStepDef - BeforeStep
[INFO ] 2023-07-29 18:38:22.941 [main] MoneyCtrlPageStepDef - BeforeStep
[INFO ] 2023-07-29 18:38:22.942 [main] LoginPageStepDef - userIsOnLoginPage
[INFO ] 2023-07-29 18:38:24.538 [main] LoginPageStepDef - BeforeStep
[INFO ] 2023-07-29 18:38:24.538 [main] MoneyCtrlPageStepDef - BeforeStep
[INFO ] 2023-07-29 18:38:24.539 [main] LoginPageStepDef - userNavigatesToPage
[INFO ] 2023-07-29 18:38:24.566 [main] LoginPageStepDef - BeforeStep
[INFO ] 2023-07-29 18:38:24.566 [main] MoneyCtrlPageStepDef - BeforeStep
[INFO ] 2023-07-29 18:38:24.567 [main] LoginPageStepDef - userNavigatesToPage
[INFO ] 2023-07-29 18:38:37.482 [main] LoginPageStepDef - BeforeStep
[INFO ] 2023-07-29 18:38:37.483 [main] MoneyCtrlPageStepDef - BeforeStep
[INFO ] 2023-07-29 18:38:37.484 [main] LoginPageStepDef - userIsOnLoginPage
[INFO ] 2023-07-29 18:38:46.538 [main] LoginPageStepDef - BeforeStep
[INFO ] 2023-07-29 18:38:46.538 [main] MoneyCtrlPageStepDef - BeforeStep
[INFO ] 2023-07-29 18:38:46.539 [main] LoginPageStepDef - userNavigatesToPage
[INFO ] 2023-07-29 18:38:48.152 [main] LoginPageStepDef - BeforeStep
[INFO ] 2023-07-29 18:38:48.152 [main] MoneyCtrlPageStepDef - BeforeStep
[INFO ] 2023-07-29 18:38:48.153 [main] MoneyCtrlPageStepDef - userNavigatesToPage
[INFO ] 2023-07-29 18:38:49.420 [main] LoginPageStepDef - BeforeStep
[INFO ] 2023-07-29 18:38:49.420 [main] MoneyCtrlPageStepDef - BeforeStep
[INFO ] 2023-07-29 18:38:49.421 [main] MoneyCtrlPageStepDef - userNavigatesToPage
[INFO ] 2023-07-29 18:39:02.604 [main] LoginPageStepDef - BeforeStep
[INFO ] 2023-07-29 18:39:02.604 [main] MoneyCtrlPageStepDef - BeforeStep
[INFO ] 2023-07-29 18:39:02.605 [main] MoneyCtrlPageStepDef - userNavigatesToPage
[INFO ] 2023-07-30 11:46:49.539 [main] LoginPageStepDef - BeforeStep
[INFO ] 2023-07-30 11:46:49.590 [main] MoneyCtrlPageStepDef - BeforeStep
[INFO ] 2023-07-30 11:46:49.632 [main] LoginPageStepDef - userIsOnLoginPage
[INFO ] 2023-07-30 11:46:57.934 [main] LoginPageStepDef - BeforeStep
[INFO ] 2023-07-30 11:46:57.934 [main] MoneyCtrlPageStepDef - BeforeStep
[INFO ] 2023-07-30 11:46:57.936 [main] LoginPageStepDef - userNavigatesToPage
[INFO ] 2023-07-30 11:47:13.929 [main] LoginPageStepDef - BeforeStep
[INFO ] 2023-07-30 11:47:13.930 [main] MoneyCtrlPageStepDef - BeforeStep
[INFO ] 2023-07-30 11:47:13.932 [main] MoneyCtrlPageStepDef - userNavigatesToPage
[INFO ] 2023-07-30 12:07:09.236 [main] LoginPageStepDef - BeforeStep
[INFO ] 2023-07-30 12:07:09.259 [main] MoneyCtrlPageStepDef - BeforeStep
[INFO ] 2023-07-30 12:07:09.261 [main] LoginPageStepDef - userIsOnLoginPage
[INFO ] 2023-07-30 12:07:13.251 [main] LoginPageStepDef - BeforeStep
[INFO ] 2023-07-30 12:07:13.251 [main] MoneyCtrlPageStepDef - BeforeStep
[INFO ] 2023-07-30 12:07:13.252 [main] LoginPageStepDef - userLogsIntoSystem
[INFO ] 2023-07-30 12:07:13.258 [main] LoginPageStepDef - BeforeStep
[INFO ] 2023-07-30 12:07:13.258 [main] MoneyCtrlPageStepDef - BeforeStep
[INFO ] 2023-07-30 12:07:13.289 [main] LoginPageStepDef - BeforeStep
[INFO ] 2023-07-30 12:07:13.289 [main] MoneyCtrlPageStepDef - BeforeStep
[INFO ] 2023-07-30 12:07:13.290 [main] LoginPageStepDef - userNavigatesToPage
[INFO ] 2023-07-30 12:07:20.116 [main] LoginPageStepDef - BeforeStep
[INFO ] 2023-07-30 12:07:20.117 [main] MoneyCtrlPageStepDef - BeforeStep
[INFO ] 2023-07-30 12:07:20.119 [main] LoginPageStepDef - userIsOnLoginPage
[INFO ] 2023-07-30 12:07:20.810 [main] LoginPageStepDef - BeforeStep
[INFO ] 2023-07-30 12:07:20.810 [main] MoneyCtrlPageStepDef - BeforeStep
[INFO ] 2023-07-30 12:07:20.811 [main] LoginPageStepDef - userLogsIntoSystem
[INFO ] 2023-07-30 12:07:20.817 [main] LoginPageStepDef - BeforeStep
[INFO ] 2023-07-30 12:07:20.817 [main] MoneyCtrlPageStepDef - BeforeStep
[INFO ] 2023-07-30 12:07:20.817 [main] LoginPageStepDef - BeforeStep
[INFO ] 2023-07-30 12:07:20.817 [main] MoneyCtrlPageStepDef - BeforeStep
[INFO ] 2023-07-30 12:07:20.818 [main] LoginPageStepDef - userNavigatesToPage
[INFO ] 2023-07-30 12:07:25.466 [main] LoginPageStepDef - BeforeStep
[INFO ] 2023-07-30 12:07:25.466 [main] MoneyCtrlPageStepDef - BeforeStep
[INFO ] 2023-07-30 12:07:25.467 [main] LoginPageStepDef - userIsOnLoginPage
[INFO ] 2023-07-30 12:07:26.174 [main] LoginPageStepDef - BeforeStep
[INFO ] 2023-07-30 12:07:26.175 [main] MoneyCtrlPageStepDef - BeforeStep
[INFO ] 2023-07-30 12:07:26.176 [main] LoginPageStepDef - userNavigatesToPage
[INFO ] 2023-07-30 12:07:31.244 [main] LoginPageStepDef - BeforeStep
[INFO ] 2023-07-30 12:07:31.244 [main] MoneyCtrlPageStepDef - BeforeStep
[INFO ] 2023-07-30 12:07:31.244 [main] MoneyCtrlPageStepDef - userNavigatesToPage
[INFO ] 2023-07-30 12:10:21.848 [main] LoginPageStepDef - BeforeStep
[INFO ] 2023-07-30 12:10:21.852 [main] MoneyCtrlPageStepDef - BeforeStep
[INFO ] 2023-07-30 12:10:21.858 [main] LoginPageStepDef - BeforeStep
[INFO ] 2023-07-30 12:10:21.858 [main] MoneyCtrlPageStepDef - BeforeStep
[INFO ] 2023-07-30 12:10:21.874 [main] LoginPageStepDef - BeforeStep
[INFO ] 2023-07-30 12:10:21.876 [main] MoneyCtrlPageStepDef - BeforeStep
[INFO ] 2023-07-30 12:10:21.878 [main] LoginPageStepDef - BeforeStep
[INFO ] 2023-07-30 12:10:21.878 [main] MoneyCtrlPageStepDef - BeforeStep
[INFO ] 2023-07-30 12:14:31.788 [main] LoginPageStepDef - BeforeStep
[INFO ] 2023-07-30 12:14:31.791 [main] MoneyCtrlPageStepDef - BeforeStep
[INFO ] 2023-07-30 12:14:31.796 [main] LoginPageStepDef - BeforeStep
[INFO ] 2023-07-30 12:14:31.796 [main] MoneyCtrlPageStepDef - BeforeStep
[INFO ] 2023-07-30 12:14:31.810 [main] LoginPageStepDef - BeforeStep
[INFO ] 2023-07-30 12:14:31.812 [main] MoneyCtrlPageStepDef - BeforeStep
[INFO ] 2023-07-30 12:14:31.813 [main] LoginPageStepDef - BeforeStep
[INFO ] 2023-07-30 12:14:31.814 [main] MoneyCtrlPageStepDef - BeforeStep
[INFO ] 2023-07-30 12:16:55.619 [main] LoginPageStepDef - BeforeStep
[INFO ] 2023-07-30 12:16:55.622 [main] MoneyCtrlPageStepDef - BeforeStep
[INFO ] 2023-07-30 12:16:55.628 [main] LoginPageStepDef - userIsOnLoginPage
[INFO ] 2023-07-30 12:16:59.559 [main] LoginPageStepDef - BeforeStep
[INFO ] 2023-07-30 12:16:59.560 [main] MoneyCtrlPageStepDef - BeforeStep
[INFO ] 2023-07-30 12:16:59.563 [main] LoginPageStepDef - userLogsIntoSystem
[INFO ] 2023-07-30 12:16:59.575 [main] LoginPageStepDef - BeforeStep
[INFO ] 2023-07-30 12:16:59.576 [main] MoneyCtrlPageStepDef - BeforeStep
[INFO ] 2023-07-30 12:16:59.581 [main] LoginPageStepDef - BeforeStep
[INFO ] 2023-07-30 12:16:59.582 [main] MoneyCtrlPageStepDef - BeforeStep
[INFO ] 2023-07-30 12:16:59.584 [main] LoginPageStepDef - userNavigatesToPage
[INFO ] 2023-07-30 12:17:05.654 [main] LoginPageStepDef - BeforeStep
[INFO ] 2023-07-30 12:17:05.658 [main] MoneyCtrlPageStepDef - BeforeStep
[INFO ] 2023-07-30 12:17:05.659 [main] LoginPageStepDef - userIsOnLoginPage
[INFO ] 2023-07-30 12:17:06.863 [main] LoginPageStepDef - BeforeStep
[INFO ] 2023-07-30 12:17:06.864 [main] MoneyCtrlPageStepDef - BeforeStep
[INFO ] 2023-07-30 12:17:06.866 [main] LoginPageStepDef - userLogsIntoSystem
[INFO ] 2023-07-30 12:17:06.878 [main] LoginPageStepDef - BeforeStep
[INFO ] 2023-07-30 12:17:06.879 [main] MoneyCtrlPageStepDef - BeforeStep
[INFO ] 2023-07-30 12:17:06.881 [main] LoginPageStepDef - BeforeStep
[INFO ] 2023-07-30 12:17:06.882 [main] MoneyCtrlPageStepDef - BeforeStep
[INFO ] 2023-07-30 12:17:06.884 [main] LoginPageStepDef - userNavigatesToPage
[INFO ] 2023-07-30 12:17:11.012 [main] LoginPageStepDef - BeforeStep
[INFO ] 2023-07-30 12:17:11.013 [main] MoneyCtrlPageStepDef - BeforeStep
[INFO ] 2023-07-30 12:17:11.014 [main] LoginPageStepDef - userIsOnLoginPage
[INFO ] 2023-07-30 12:17:11.773 [main] LoginPageStepDef - BeforeStep
[INFO ] 2023-07-30 12:17:11.774 [main] MoneyCtrlPageStepDef - BeforeStep
[INFO ] 2023-07-30 12:17:11.776 [main] LoginPageStepDef - userNavigatesToPage
[INFO ] 2023-07-30 12:17:16.062 [main] LoginPageStepDef - BeforeStep
[INFO ] 2023-07-30 12:17:16.063 [main] MoneyCtrlPageStepDef - BeforeStep
[INFO ] 2023-07-30 12:17:16.065 [main] MoneyCtrlPageStepDef - userNavigatesToPage
[INFO ] 2023-07-30 12:23:14.410 [main] LoginPageStepDef - BeforeStep
[INFO ] 2023-07-30 12:23:14.413 [main] MoneyCtrlPageStepDef - BeforeStep
[INFO ] 2023-07-30 12:23:14.418 [main] LoginPageStepDef - userIsOnLoginPage
[INFO ] 2023-07-30 12:23:15.394 [main] LoginPageStepDef - BeforeStep
[INFO ] 2023-07-30 12:23:15.396 [main] MoneyCtrlPageStepDef - BeforeStep
[INFO ] 2023-07-30 12:23:15.397 [main] LoginPageStepDef - userLogsIntoSystem
[INFO ] 2023-07-30 12:23:15.414 [main] LoginPageStepDef - BeforeStep
[INFO ] 2023-07-30 12:23:15.416 [main] MoneyCtrlPageStepDef - BeforeStep
[INFO ] 2023-07-30 12:23:15.423 [main] LoginPageStepDef - BeforeStep
[INFO ] 2023-07-30 12:23:15.426 [main] MoneyCtrlPageStepDef - BeforeStep
[INFO ] 2023-07-30 12:23:15.428 [main] LoginPageStepDef - userNavigatesToPage
[INFO ] 2023-07-30 12:23:21.995 [main] LoginPageStepDef - BeforeStep
[INFO ] 2023-07-30 12:23:21.998 [main] MoneyCtrlPageStepDef - BeforeStep
[INFO ] 2023-07-30 12:23:21.998 [main] LoginPageStepDef - userIsOnLoginPage
[INFO ] 2023-07-30 12:23:22.897 [main] LoginPageStepDef - BeforeStep
[INFO ] 2023-07-30 12:23:22.898 [main] MoneyCtrlPageStepDef - BeforeStep
[INFO ] 2023-07-30 12:23:22.898 [main] LoginPageStepDef - userLogsIntoSystem
[INFO ] 2023-07-30 12:23:22.907 [main] LoginPageStepDef - BeforeStep
[INFO ] 2023-07-30 12:23:22.907 [main] MoneyCtrlPageStepDef - BeforeStep
[INFO ] 2023-07-30 12:23:22.909 [main] LoginPageStepDef - BeforeStep
[INFO ] 2023-07-30 12:23:22.911 [main] MoneyCtrlPageStepDef - BeforeStep
[INFO ] 2023-07-30 12:23:22.912 [main] LoginPageStepDef - userNavigatesToPage
[INFO ] 2023-07-30 12:23:26.695 [main] LoginPageStepDef - BeforeStep
[INFO ] 2023-07-30 12:23:26.696 [main] MoneyCtrlPageStepDef - BeforeStep
[INFO ] 2023-07-30 12:23:26.697 [main] LoginPageStepDef - userIsOnLoginPage
[INFO ] 2023-07-30 12:23:27.365 [main] LoginPageStepDef - BeforeStep
[INFO ] 2023-07-30 12:23:27.366 [main] MoneyCtrlPageStepDef - BeforeStep
[INFO ] 2023-07-30 12:23:27.367 [main] LoginPageStepDef - userNavigatesToPage
[INFO ] 2023-07-30 12:23:32.069 [main] LoginPageStepDef - BeforeStep
[INFO ] 2023-07-30 12:23:32.070 [main] MoneyCtrlPageStepDef - BeforeStep
[INFO ] 2023-07-30 12:23:32.071 [main] MoneyCtrlPageStepDef - userNavigatesToPage
[INFO ] 2023-07-30 13:27:15.342 [main] LoginPageStepDef - BeforeStep
[INFO ] 2023-07-30 13:27:15.378 [main] MoneyCtrlPageStepDef - BeforeStep
[INFO ] 2023-07-30 13:27:15.425 [main] LoginPageStepDef - userIsOnLoginPage
[INFO ] 2023-07-30 13:27:19.522 [main] LoginPageStepDef - BeforeStep
[INFO ] 2023-07-30 13:27:19.523 [main] MoneyCtrlPageStepDef - BeforeStep
[INFO ] 2023-07-30 13:27:19.525 [main] LoginPageStepDef - userLogsIntoSystem
[INFO ] 2023-07-30 13:27:19.622 [main] LoginPageStepDef - BeforeStep
[INFO ] 2023-07-30 13:27:19.624 [main] MoneyCtrlPageStepDef - BeforeStep
[INFO ] 2023-07-30 13:27:19.640 [main] LoginPageStepDef - BeforeStep
[INFO ] 2023-07-30 13:27:19.641 [main] MoneyCtrlPageStepDef - BeforeStep
[INFO ] 2023-07-30 13:27:19.642 [main] LoginPageStepDef - userNavigatesToPage
[INFO ] 2023-07-30 13:27:29.302 [main] LoginPageStepDef - BeforeStep
[INFO ] 2023-07-30 13:27:29.313 [main] MoneyCtrlPageStepDef - BeforeStep
[INFO ] 2023-07-30 13:27:29.316 [main] LoginPageStepDef - userIsOnLoginPage
[INFO ] 2023-07-30 13:27:30.626 [main] LoginPageStepDef - BeforeStep
[INFO ] 2023-07-30 13:27:30.627 [main] MoneyCtrlPageStepDef - BeforeStep
[INFO ] 2023-07-30 13:27:30.629 [main] LoginPageStepDef - userLogsIntoSystem
[INFO ] 2023-07-30 13:27:30.645 [main] LoginPageStepDef - BeforeStep
[INFO ] 2023-07-30 13:27:30.645 [main] MoneyCtrlPageStepDef - BeforeStep
[INFO ] 2023-07-30 13:27:30.647 [main] LoginPageStepDef - BeforeStep
[INFO ] 2023-07-30 13:27:30.648 [main] MoneyCtrlPageStepDef - BeforeStep
[INFO ] 2023-07-30 13:27:30.649 [main] LoginPageStepDef - userNavigatesToPage
[INFO ] 2023-07-30 13:27:37.307 [main] LoginPageStepDef - BeforeStep
[INFO ] 2023-07-30 13:27:37.308 [main] MoneyCtrlPageStepDef - BeforeStep
[INFO ] 2023-07-30 13:27:37.309 [main] LoginPageStepDef - userIsOnLoginPage
[INFO ] 2023-07-30 13:27:38.561 [main] LoginPageStepDef - BeforeStep
[INFO ] 2023-07-30 13:27:38.564 [main] MoneyCtrlPageStepDef - BeforeStep
[INFO ] 2023-07-30 13:27:38.567 [main] LoginPageStepDef - userNavigatesToPage
[INFO ] 2023-07-30 13:27:51.831 [main] LoginPageStepDef - BeforeStep
[INFO ] 2023-07-30 13:27:51.833 [main] MoneyCtrlPageStepDef - BeforeStep
[INFO ] 2023-07-30 13:27:51.837 [main] MoneyCtrlPageStepDef - userNavigatesToPage
[INFO ] 2023-07-30 13:29:48.406 [main] LoginPageStepDef - BeforeStep
[INFO ] 2023-07-30 13:29:48.409 [main] MoneyCtrlPageStepDef - BeforeStep
[INFO ] 2023-07-30 13:29:48.421 [main] LoginPageStepDef - userIsOnLoginPage
[INFO ] 2023-07-30 13:29:49.413 [main] LoginPageStepDef - BeforeStep
[INFO ] 2023-07-30 13:29:49.414 [main] MoneyCtrlPageStepDef - BeforeStep
[INFO ] 2023-07-30 13:29:49.415 [main] LoginPageStepDef - userLogsIntoSystem
[INFO ] 2023-07-30 13:29:49.428 [main] LoginPageStepDef - BeforeStep
[INFO ] 2023-07-30 13:29:49.428 [main] MoneyCtrlPageStepDef - BeforeStep
[INFO ] 2023-07-30 13:29:49.432 [main] LoginPageStepDef - BeforeStep
[INFO ] 2023-07-30 13:29:49.434 [main] MoneyCtrlPageStepDef - BeforeStep
[INFO ] 2023-07-30 13:29:49.435 [main] LoginPageStepDef - userNavigatesToPage
[INFO ] 2023-07-30 13:29:59.943 [main] LoginPageStepDef - BeforeStep
[INFO ] 2023-07-30 13:29:59.949 [main] MoneyCtrlPageStepDef - BeforeStep
[INFO ] 2023-07-30 13:29:59.951 [main] LoginPageStepDef - userIsOnLoginPage
[INFO ] 2023-07-30 13:30:01.731 [main] LoginPageStepDef - BeforeStep
[INFO ] 2023-07-30 13:30:01.733 [main] MoneyCtrlPageStepDef - BeforeStep
[INFO ] 2023-07-30 13:30:01.735 [main] LoginPageStepDef - userLogsIntoSystem
[INFO ] 2023-07-30 13:30:01.746 [main] LoginPageStepDef - BeforeStep
[INFO ] 2023-07-30 13:30:01.747 [main] MoneyCtrlPageStepDef - BeforeStep
[INFO ] 2023-07-30 13:30:01.749 [main] LoginPageStepDef - BeforeStep
[INFO ] 2023-07-30 13:30:01.751 [main] MoneyCtrlPageStepDef - BeforeStep
[INFO ] 2023-07-30 13:30:01.751 [main] LoginPageStepDef - userNavigatesToPage
[INFO ] 2023-07-30 13:30:08.281 [main] LoginPageStepDef - BeforeStep
[INFO ] 2023-07-30 13:30:08.284 [main] MoneyCtrlPageStepDef - BeforeStep
[INFO ] 2023-07-30 13:30:08.287 [main] LoginPageStepDef - userIsOnLoginPage
[INFO ] 2023-07-30 13:30:09.361 [main] LoginPageStepDef - BeforeStep
[INFO ] 2023-07-30 13:30:09.362 [main] MoneyCtrlPageStepDef - BeforeStep
[INFO ] 2023-07-30 13:30:09.364 [main] LoginPageStepDef - userNavigatesToPage
[INFO ] 2023-07-30 13:30:16.806 [main] LoginPageStepDef - BeforeStep
[INFO ] 2023-07-30 13:30:16.807 [main] MoneyCtrlPageStepDef - BeforeStep
[INFO ] 2023-07-30 13:30:16.808 [main] MoneyCtrlPageStepDef - userNavigatesToPage
[INFO ] 2023-07-30 13:32:52.498 [main] LoginPageStepDef - BeforeStep
[INFO ] 2023-07-30 13:32:52.501 [main] MoneyCtrlPageStepDef - BeforeStep
[INFO ] 2023-07-30 13:32:52.508 [main] LoginPageStepDef - userIsOnLoginPage
[INFO ] 2023-07-30 13:32:54.062 [main] LoginPageStepDef - BeforeStep
[INFO ] 2023-07-30 13:32:54.063 [main] MoneyCtrlPageStepDef - BeforeStep
[INFO ] 2023-07-30 13:32:54.065 [main] LoginPageStepDef - userLogsIntoSystem
[INFO ] 2023-07-30 13:32:54.076 [main] LoginPageStepDef - BeforeStep
[INFO ] 2023-07-30 13:32:54.077 [main] MoneyCtrlPageStepDef - BeforeStep
[INFO ] 2023-07-30 13:32:54.083 [main] LoginPageStepDef - BeforeStep
[INFO ] 2023-07-30 13:32:54.085 [main] MoneyCtrlPageStepDef - BeforeStep
[INFO ] 2023-07-30 13:32:54.087 [main] LoginPageStepDef - userNavigatesToPage
[INFO ] 2023-07-30 13:33:03.132 [main] LoginPageStepDef - BeforeStep
[INFO ] 2023-07-30 13:33:03.135 [main] MoneyCtrlPageStepDef - BeforeStep
[INFO ] 2023-07-30 13:33:03.136 [main] LoginPageStepDef - userIsOnLoginPage
[INFO ] 2023-07-30 13:33:04.169 [main] LoginPageStepDef - BeforeStep
[INFO ] 2023-07-30 13:33:04.170 [main] MoneyCtrlPageStepDef - BeforeStep
[INFO ] 2023-07-30 13:33:04.171 [main] LoginPageStepDef - userLogsIntoSystem
[INFO ] 2023-07-30 13:33:04.179 [main] LoginPageStepDef - BeforeStep
[INFO ] 2023-07-30 13:33:04.180 [main] MoneyCtrlPageStepDef - BeforeStep
[INFO ] 2023-07-30 13:33:04.181 [main] LoginPageStepDef - BeforeStep
[INFO ] 2023-07-30 13:33:04.183 [main] MoneyCtrlPageStepDef - BeforeStep
[INFO ] 2023-07-30 13:33:04.185 [main] LoginPageStepDef - userNavigatesToPage
[INFO ] 2023-07-30 13:33:09.602 [main] LoginPageStepDef - BeforeStep
[INFO ] 2023-07-30 13:33:09.603 [main] MoneyCtrlPageStepDef - BeforeStep
[INFO ] 2023-07-30 13:33:09.605 [main] LoginPageStepDef - userIsOnLoginPage
[INFO ] 2023-07-30 13:33:10.684 [main] LoginPageStepDef - BeforeStep
[INFO ] 2023-07-30 13:33:10.684 [main] MoneyCtrlPageStepDef - BeforeStep
[INFO ] 2023-07-30 13:33:10.685 [main] LoginPageStepDef - userNavigatesToPage
[INFO ] 2023-07-30 13:33:17.104 [main] LoginPageStepDef - BeforeStep
[INFO ] 2023-07-30 13:33:17.105 [main] MoneyCtrlPageStepDef - BeforeStep
[INFO ] 2023-07-30 13:33:17.107 [main] MoneyCtrlPageStepDef - userNavigatesToPage
[INFO ] 2023-07-30 13:33:29.027 [main] LoginPageStepDef - BeforeStep
[INFO ] 2023-07-30 13:33:29.027 [main] MoneyCtrlPageStepDef - BeforeStep
[INFO ] 2023-07-30 13:33:29.028 [main] MoneyCtrlPageStepDef - userNavigatesToPage
[INFO ] 2023-07-30 13:33:35.112 [main] LoginPageStepDef - BeforeStep
[INFO ] 2023-07-30 13:33:35.112 [main] MoneyCtrlPageStepDef - BeforeStep
[INFO ] 2023-07-30 13:33:35.113 [main] MoneyCtrlPageStepDef - userNavigatesToPage
[INFO ] 2023-07-30 14:36:59.176 [main] LoginPageStepDef - BeforeStep
[INFO ] 2023-07-30 14:36:59.193 [main] MoneyCtrlPageStepDef - BeforeStep
[INFO ] 2023-07-30 14:36:59.235 [main] LoginPageStepDef - userIsOnLoginPage
[INFO ] 2023-07-30 14:37:09.705 [main] LoginPageStepDef - BeforeStep
[INFO ] 2023-07-30 14:37:09.711 [main] MoneyCtrlPageStepDef - BeforeStep
[INFO ] 2023-07-30 14:37:09.713 [main] LoginPageStepDef - userIsOnLoginPage
[INFO ] 2023-07-30 14:37:16.210 [main] LoginPageStepDef - BeforeStep
[INFO ] 2023-07-30 14:37:16.212 [main] MoneyCtrlPageStepDef - BeforeStep
[INFO ] 2023-07-30 14:37:16.213 [main] LoginPageStepDef - userIsOnLoginPage
[INFO ] 2023-07-30 14:40:28.192 [main] LoginPageStepDef - BeforeStep
[INFO ] 2023-07-30 14:40:28.331 [main] MoneyCtrlPageStepDef - BeforeStep
[INFO ] 2023-07-30 14:40:28.399 [main] LoginPageStepDef - userIsOnLoginPage
[INFO ] 2023-07-30 14:41:12.367 [main] LoginPageStepDef - BeforeStep
[INFO ] 2023-07-30 14:41:12.370 [main] MoneyCtrlPageStepDef - BeforeStep
[INFO ] 2023-07-30 14:41:12.371 [main] LoginPageStepDef - userIsOnLoginPage
[INFO ] 2023-07-30 14:41:21.730 [main] LoginPageStepDef - BeforeStep
[INFO ] 2023-07-30 14:41:21.732 [main] MoneyCtrlPageStepDef - BeforeStep
[INFO ] 2023-07-30 14:41:21.734 [main] LoginPageStepDef - userIsOnLoginPage
[INFO ] 2023-07-30 14:49:16.828 [main] LoginPageStepDef - BeforeStep
[INFO ] 2023-07-30 14:49:16.866 [main] MoneyCtrlPageStepDef - BeforeStep
[INFO ] 2023-07-30 14:49:16.886 [main] LoginPageStepDef - userIsOnLoginPage
[INFO ] 2023-07-30 14:49:24.244 [main] LoginPageStepDef - BeforeStep
[INFO ] 2023-07-30 14:49:24.250 [main] MoneyCtrlPageStepDef - BeforeStep
[INFO ] 2023-07-30 14:49:24.251 [main] LoginPageStepDef - userIsOnLoginPage
[INFO ] 2023-07-30 14:49:31.708 [main] LoginPageStepDef - BeforeStep
[INFO ] 2023-07-30 14:49:31.710 [main] MoneyCtrlPageStepDef - BeforeStep
[INFO ] 2023-07-30 14:49:31.712 [main] LoginPageStepDef - userIsOnLoginPage
[INFO ] 2023-07-30 14:53:40.871 [main] LoginPageStepDef - BeforeStep
[INFO ] 2023-07-30 14:53:40.875 [main] MoneyCtrlPageStepDef - BeforeStep
[INFO ] 2023-07-30 14:53:40.883 [main] LoginPageStepDef - userIsOnLoginPage
[INFO ] 2023-07-30 14:53:50.901 [main] LoginPageStepDef - BeforeStep
[INFO ] 2023-07-30 14:53:50.903 [main] MoneyCtrlPageStepDef - BeforeStep
[INFO ] 2023-07-30 14:53:50.905 [main] LoginPageStepDef - userLogsIntoSystem
[INFO ] 2023-07-30 14:53:50.915 [main] LoginPageStepDef - BeforeStep
[INFO ] 2023-07-30 14:53:50.917 [main] MoneyCtrlPageStepDef - BeforeStep
[INFO ] 2023-07-30 14:53:50.950 [main] LoginPageStepDef - BeforeStep
[INFO ] 2023-07-30 14:53:50.951 [main] MoneyCtrlPageStepDef - BeforeStep
[INFO ] 2023-07-30 14:53:50.954 [main] LoginPageStepDef - userNavigatesToPage
[INFO ] 2023-07-30 14:53:59.007 [main] LoginPageStepDef - BeforeStep
[INFO ] 2023-07-30 14:53:59.014 [main] MoneyCtrlPageStepDef - BeforeStep
[INFO ] 2023-07-30 14:53:59.016 [main] LoginPageStepDef - userIsOnLoginPage
[INFO ] 2023-07-30 14:54:09.524 [main] LoginPageStepDef - BeforeStep
[INFO ] 2023-07-30 14:54:09.526 [main] MoneyCtrlPageStepDef - BeforeStep
[INFO ] 2023-07-30 14:54:09.530 [main] LoginPageStepDef - userLogsIntoSystem
[INFO ] 2023-07-30 14:54:09.547 [main] LoginPageStepDef - BeforeStep
[INFO ] 2023-07-30 14:54:09.548 [main] MoneyCtrlPageStepDef - BeforeStep
[INFO ] 2023-07-30 14:54:09.550 [main] LoginPageStepDef - BeforeStep
[INFO ] 2023-07-30 14:54:09.552 [main] MoneyCtrlPageStepDef - BeforeStep
[INFO ] 2023-07-30 14:54:09.553 [main] LoginPageStepDef - userNavigatesToPage
[INFO ] 2023-07-30 14:54:22.662 [main] LoginPageStepDef - BeforeStep
[INFO ] 2023-07-30 14:54:22.663 [main] MoneyCtrlPageStepDef - BeforeStep
[INFO ] 2023-07-30 14:54:22.663 [main] LoginPageStepDef - userIsOnLoginPage
[INFO ] 2023-07-30 14:54:30.748 [main] LoginPageStepDef - BeforeStep
[INFO ] 2023-07-30 14:54:30.750 [main] MoneyCtrlPageStepDef - BeforeStep
[INFO ] 2023-07-30 14:54:30.751 [main] LoginPageStepDef - userNavigatesToPage
[INFO ] 2023-07-30 14:54:36.334 [main] LoginPageStepDef - BeforeStep
[INFO ] 2023-07-30 14:54:36.335 [main] MoneyCtrlPageStepDef - BeforeStep
[INFO ] 2023-07-30 14:54:36.336 [main] MoneyCtrlPageStepDef - userNavigatesToPage
[INFO ] 2023-07-30 14:55:00.984 [main] LoginPageStepDef - BeforeStep
[INFO ] 2023-07-30 14:55:00.985 [main] MoneyCtrlPageStepDef - BeforeStep
[INFO ] 2023-07-30 14:55:00.987 [main] MoneyCtrlPageStepDef - userNavigatesToPage
[INFO ] 2023-07-30 14:55:07.636 [main] LoginPageStepDef - BeforeStep
[INFO ] 2023-07-30 14:55:07.636 [main] MoneyCtrlPageStepDef - BeforeStep
[INFO ] 2023-07-30 14:55:07.637 [main] MoneyCtrlPageStepDef - userNavigatesToPage
[INFO ] 2023-07-30 15:38:09.246 [main] LoginPageStepDef - BeforeStep
[INFO ] 2023-07-30 15:38:09.252 [main] MoneyCtrlPageStepDef - BeforeStep
[INFO ] 2023-07-30 15:38:09.317 [main] LoginPageStepDef - userIsOnLoginPage
[INFO ] 2023-07-30 15:38:19.550 [main] LoginPageStepDef - BeforeStep
[INFO ] 2023-07-30 15:38:19.552 [main] MoneyCtrlPageStepDef - BeforeStep
[INFO ] 2023-07-30 15:38:19.554 [main] LoginPageStepDef - userLogsIntoSystem
[INFO ] 2023-07-30 15:38:19.571 [main] LoginPageStepDef - BeforeStep
[INFO ] 2023-07-30 15:38:19.572 [main] MoneyCtrlPageStepDef - BeforeStep
[INFO ] 2023-07-30 15:38:19.620 [main] LoginPageStepDef - BeforeStep
[INFO ] 2023-07-30 15:38:19.621 [main] MoneyCtrlPageStepDef - BeforeStep
[INFO ] 2023-07-30 15:38:19.623 [main] LoginPageStepDef - userNavigatesToPage
[INFO ] 2023-07-30 15:38:29.882 [main] LoginPageStepDef - BeforeStep
[INFO ] 2023-07-30 15:38:29.887 [main] MoneyCtrlPageStepDef - BeforeStep
[INFO ] 2023-07-30 15:38:29.889 [main] LoginPageStepDef - userIsOnLoginPage
[INFO ] 2023-07-30 15:38:37.104 [main] LoginPageStepDef - BeforeStep
[INFO ] 2023-07-30 15:38:37.106 [main] MoneyCtrlPageStepDef - BeforeStep
[INFO ] 2023-07-30 15:38:37.110 [main] LoginPageStepDef - userLogsIntoSystem
[INFO ] 2023-07-30 15:38:37.142 [main] LoginPageStepDef - BeforeStep
[INFO ] 2023-07-30 15:38:37.145 [main] MoneyCtrlPageStepDef - BeforeStep
[INFO ] 2023-07-30 15:38:37.156 [main] LoginPageStepDef - BeforeStep
[INFO ] 2023-07-30 15:38:37.158 [main] MoneyCtrlPageStepDef - BeforeStep
[INFO ] 2023-07-30 15:38:37.161 [main] LoginPageStepDef - userNavigatesToPage
[INFO ] 2023-07-30 15:38:42.356 [main] LoginPageStepDef - BeforeStep
[INFO ] 2023-07-30 15:38:42.358 [main] MoneyCtrlPageStepDef - BeforeStep
[INFO ] 2023-07-30 15:38:42.358 [main] LoginPageStepDef - userIsOnLoginPage
[INFO ] 2023-07-30 15:38:49.625 [main] LoginPageStepDef - BeforeStep
[INFO ] 2023-07-30 15:38:49.628 [main] MoneyCtrlPageStepDef - BeforeStep
[INFO ] 2023-07-30 15:38:49.629 [main] LoginPageStepDef - userNavigatesToPage
[INFO ] 2023-07-30 15:38:55.705 [main] LoginPageStepDef - BeforeStep
[INFO ] 2023-07-30 15:38:55.706 [main] MoneyCtrlPageStepDef - BeforeStep
[INFO ] 2023-07-30 15:38:55.710 [main] MoneyCtrlPageStepDef - userNavigatesToPage
[INFO ] 2023-07-30 15:39:06.542 [main] LoginPageStepDef - BeforeStep
[INFO ] 2023-07-30 15:39:06.542 [main] MoneyCtrlPageStepDef - BeforeStep
[INFO ] 2023-07-30 15:39:06.545 [main] MoneyCtrlPageStepDef - userNavigatesToPage
[INFO ] 2023-07-30 15:39:12.965 [main] LoginPageStepDef - BeforeStep
[INFO ] 2023-07-30 15:39:12.968 [main] MoneyCtrlPageStepDef - BeforeStep
[INFO ] 2023-07-30 15:39:12.971 [main] MoneyCtrlPageStepDef - userNavigatesToPage
[INFO ] 2023-07-30 18:15:25.594 [main] LoginPageStepDef - BeforeStep
[INFO ] 2023-07-30 18:15:25.651 [main] MoneyCtrlPageStepDef - BeforeStep
[INFO ] 2023-07-30 18:15:25.700 [main] LoginPageStepDef - userIsOnLoginPage
[INFO ] 2023-07-30 18:15:36.285 [main] LoginPageStepDef - BeforeStep
[INFO ] 2023-07-30 18:15:36.287 [main] MoneyCtrlPageStepDef - BeforeStep
[INFO ] 2023-07-30 18:15:36.290 [main] LoginPageStepDef - userLogsIntoSystem
[INFO ] 2023-07-30 18:15:36.303 [main] LoginPageStepDef - BeforeStep
[INFO ] 2023-07-30 18:15:36.303 [main] MoneyCtrlPageStepDef - BeforeStep
[INFO ] 2023-07-30 18:15:36.415 [main] LoginPageStepDef - BeforeStep
[INFO ] 2023-07-30 18:15:36.418 [main] MoneyCtrlPageStepDef - BeforeStep
[INFO ] 2023-07-30 18:15:36.420 [main] LoginPageStepDef - userNavigatesToPage
[INFO ] 2023-07-30 18:15:44.601 [main] LoginPageStepDef - BeforeStep
[INFO ] 2023-07-30 18:15:44.606 [main] MoneyCtrlPageStepDef - BeforeStep
[INFO ] 2023-07-30 18:15:44.607 [main] LoginPageStepDef - userIsOnLoginPage
[INFO ] 2023-07-30 18:15:52.573 [main] LoginPageStepDef - BeforeStep
[INFO ] 2023-07-30 18:15:52.574 [main] MoneyCtrlPageStepDef - BeforeStep
[INFO ] 2023-07-30 18:15:52.575 [main] LoginPageStepDef - userLogsIntoSystem
[INFO ] 2023-07-30 18:15:52.585 [main] LoginPageStepDef - BeforeStep
[INFO ] 2023-07-30 18:15:52.585 [main] MoneyCtrlPageStepDef - BeforeStep
[INFO ] 2023-07-30 18:15:52.587 [main] LoginPageStepDef - BeforeStep
[INFO ] 2023-07-30 18:15:52.589 [main] MoneyCtrlPageStepDef - BeforeStep
[INFO ] 2023-07-30 18:15:52.590 [main] LoginPageStepDef - userNavigatesToPage
[INFO ] 2023-07-30 18:15:57.318 [main] LoginPageStepDef - BeforeStep
[INFO ] 2023-07-30 18:15:57.319 [main] MoneyCtrlPageStepDef - BeforeStep
[INFO ] 2023-07-30 18:15:57.320 [main] LoginPageStepDef - userIsOnLoginPage
[INFO ] 2023-07-30 18:16:04.168 [main] LoginPageStepDef - BeforeStep
[INFO ] 2023-07-30 18:16:04.169 [main] MoneyCtrlPageStepDef - BeforeStep
[INFO ] 2023-07-30 18:16:04.170 [main] LoginPageStepDef - userNavigatesToPage
[INFO ] 2023-07-30 18:16:07.704 [main] LoginPageStepDef - BeforeStep
[INFO ] 2023-07-30 18:16:07.705 [main] MoneyCtrlPageStepDef - BeforeStep
[INFO ] 2023-07-30 18:16:07.705 [main] MoneyCtrlPageStepDef - userNavigatesToPage
[INFO ] 2023-07-30 18:16:18.744 [main] LoginPageStepDef - BeforeStep
[INFO ] 2023-07-30 18:16:18.744 [main] MoneyCtrlPageStepDef - BeforeStep
[INFO ] 2023-07-30 18:16:18.747 [main] MoneyCtrlPageStepDef - userNavigatesToPage
[INFO ] 2023-07-30 18:16:24.163 [main] LoginPageStepDef - BeforeStep
[INFO ] 2023-07-30 18:16:24.164 [main] MoneyCtrlPageStepDef - BeforeStep
[INFO ] 2023-07-30 18:16:24.164 [main] MoneyCtrlPageStepDef - userNavigatesToPage
[INFO ] 2023-07-30 18:23:26.800 [main] LoginPageStepDef - BeforeStep
[INFO ] 2023-07-30 18:23:26.803 [main] MoneyCtrlPageStepDef - BeforeStep
[INFO ] 2023-07-30 18:23:26.809 [main] LoginPageStepDef - userIsOnLoginPage
[INFO ] 2023-07-30 18:23:33.713 [main] LoginPageStepDef - BeforeStep
[INFO ] 2023-07-30 18:23:33.715 [main] MoneyCtrlPageStepDef - BeforeStep
[INFO ] 2023-07-30 18:23:33.719 [main] LoginPageStepDef - userLogsIntoSystem
[INFO ] 2023-07-30 18:23:33.735 [main] LoginPageStepDef - BeforeStep
[INFO ] 2023-07-30 18:23:33.736 [main] MoneyCtrlPageStepDef - BeforeStep
[INFO ] 2023-07-30 18:23:33.740 [main] LoginPageStepDef - BeforeStep
[INFO ] 2023-07-30 18:23:33.741 [main] MoneyCtrlPageStepDef - BeforeStep
[INFO ] 2023-07-30 18:23:33.742 [main] LoginPageStepDef - userNavigatesToPage
[INFO ] 2023-07-30 18:23:40.023 [main] LoginPageStepDef - BeforeStep
[INFO ] 2023-07-30 18:23:40.029 [main] MoneyCtrlPageStepDef - BeforeStep
[INFO ] 2023-07-30 18:23:40.031 [main] LoginPageStepDef - userIsOnLoginPage
[INFO ] 2023-07-30 18:23:47.027 [main] LoginPageStepDef - BeforeStep
[INFO ] 2023-07-30 18:23:47.029 [main] MoneyCtrlPageStepDef - BeforeStep
[INFO ] 2023-07-30 18:23:47.032 [main] LoginPageStepDef - userLogsIntoSystem
[INFO ] 2023-07-30 18:23:47.051 [main] LoginPageStepDef - BeforeStep
[INFO ] 2023-07-30 18:23:47.052 [main] MoneyCtrlPageStepDef - BeforeStep
[INFO ] 2023-07-30 18:23:47.054 [main] LoginPageStepDef - BeforeStep
[INFO ] 2023-07-30 18:23:47.056 [main] MoneyCtrlPageStepDef - BeforeStep
[INFO ] 2023-07-30 18:23:47.056 [main] LoginPageStepDef - userNavigatesToPage
[INFO ] 2023-07-30 18:23:53.736 [main] LoginPageStepDef - BeforeStep
[INFO ] 2023-07-30 18:23:53.737 [main] MoneyCtrlPageStepDef - BeforeStep
[INFO ] 2023-07-30 18:23:53.737 [main] LoginPageStepDef - userIsOnLoginPage
[INFO ] 2023-07-30 18:24:00.692 [main] LoginPageStepDef - BeforeStep
[INFO ] 2023-07-30 18:24:00.695 [main] MoneyCtrlPageStepDef - BeforeStep
[INFO ] 2023-07-30 18:24:00.698 [main] LoginPageStepDef - userNavigatesToPage
[INFO ] 2023-07-30 18:24:03.925 [main] LoginPageStepDef - BeforeStep
[INFO ] 2023-07-30 18:24:03.927 [main] MoneyCtrlPageStepDef - BeforeStep
[INFO ] 2023-07-30 18:24:03.928 [main] MoneyCtrlPageStepDef - userNavigatesToPage
[INFO ] 2023-07-30 18:24:13.187 [main] LoginPageStepDef - BeforeStep
[INFO ] 2023-07-30 18:24:13.191 [main] MoneyCtrlPageStepDef - BeforeStep
[INFO ] 2023-07-30 18:24:13.192 [main] MoneyCtrlPageStepDef - userNavigatesToPage
[INFO ] 2023-07-30 18:24:18.845 [main] LoginPageStepDef - BeforeStep
[INFO ] 2023-07-30 18:24:18.847 [main] MoneyCtrlPageStepDef - BeforeStep
[INFO ] 2023-07-30 18:24:18.848 [main] MoneyCtrlPageStepDef - userNavigatesToPage
[INFO ] 2024-02-07 23:59:16.235 [main] LoginPage - Title is : --> Protractor practice website - Banking App
[INFO ] 2024-02-07 23:59:30.323 [main] LoginPage - Title is : --> Protractor practice website - Banking App
[INFO ] 2024-02-08 00:00:25.278 [main] MoneyCtrlPage - List: [[[ChromeDriver: chrome on WINDOWS (65af8c4c35257d89c3b1ae88fc897f69)] -> xpath: //div[@class='bsr_table hist_tbl_hm']/table/thead/tr/th], [[ChromeDriver: chrome on WINDOWS (65af8c4c35257d89c3b1ae88fc897f69)] -> xpath: //div[@class='bsr_table hist_tbl_hm']/table/thead/tr/th], [[ChromeDriver: chrome on WINDOWS (65af8c4c35257d89c3b1ae88fc897f69)] -> xpath: //div[@class='bsr_table hist_tbl_hm']/table/thead/tr/th], [[ChromeDriver: chrome on WINDOWS (65af8c4c35257d89c3b1ae88fc897f69)] -> xpath: //div[@class='bsr_table hist_tbl_hm']/table/thead/tr/th], [[ChromeDriver: chrome on WINDOWS (65af8c4c35257d89c3b1ae88fc897f69)] -> xpath: //div[@class='bsr_table hist_tbl_hm']/table/thead/tr/th], [[ChromeDriver: chrome on WINDOWS (65af8c4c35257d89c3b1ae88fc897f69)] -> xpath: //div[@class='bsr_table hist_tbl_hm']/table/thead/tr/th], [[ChromeDriver: chrome on WINDOWS (65af8c4c35257d89c3b1ae88fc897f69)] -> xpath: //div[@class='bsr_table hist_tbl_hm']/table/thead/tr/th], [[ChromeDriver: chrome on WINDOWS (65af8c4c35257d89c3b1ae88fc897f69)] -> xpath: //div[@class='bsr_table hist_tbl_hm']/table/thead/tr/th]]
[INFO ] 2024-02-08 00:00:25.400 [main] MoneyCtrlPage - Header pointing at: 7
[INFO ] 2024-02-08 00:00:25.400 [main] MoneyCtrlPage - element: //div[@class='bsr_table hist_tbl_hm']/table/tbody//h3//a[text()='ONGC']/ancestor::tr/td[RunTimeVar2]
[INFO ] 2024-02-08 00:00:25.400 [main] MoneyCtrlPage - element: //div[@class='bsr_table hist_tbl_hm']/table/tbody//h3//a[text()='ONGC']/ancestor::tr/td[7]
[INFO ] 2024-02-08 00:04:26.094 [main] LoginPage - Title is : --> Protractor practice website - Banking App
[INFO ] 2024-02-08 00:04:43.302 [main] LoginPage - Title is : --> Protractor practice website - Banking App
[INFO ] 2024-02-08 00:04:51.027 [main] LoginPage - Title is : --> Protractor practice website - Banking App
[INFO ] 2024-02-08 00:05:07.344 [main] LoginPage - Title is : --> Protractor practice website - Banking App
[INFO ] 2024-02-08 00:05:14.049 [main] MoneyCtrlPage - List: [[[ChromeDriver: chrome on WINDOWS (470b3bf16e0ab853622c0806bee41582)] -> xpath: //div[@class='bsr_table hist_tbl_hm']/table/thead/tr/th], [[ChromeDriver: chrome on WINDOWS (470b3bf16e0ab853622c0806bee41582)] -> xpath: //div[@class='bsr_table hist_tbl_hm']/table/thead/tr/th], [[ChromeDriver: chrome on WINDOWS (470b3bf16e0ab853622c0806bee41582)] -> xpath: //div[@class='bsr_table hist_tbl_hm']/table/thead/tr/th], [[ChromeDriver: chrome on WINDOWS (470b3bf16e0ab853622c0806bee41582)] -> xpath: //div[@class='bsr_table hist_tbl_hm']/table/thead/tr/th], [[ChromeDriver: chrome on WINDOWS (470b3bf16e0ab853622c0806bee41582)] -> xpath: //div[@class='bsr_table hist_tbl_hm']/table/thead/tr/th], [[ChromeDriver: chrome on WINDOWS (470b3bf16e0ab853622c0806bee41582)] -> xpath: //div[@class='bsr_table hist_tbl_hm']/table/thead/tr/th], [[ChromeDriver: chrome on WINDOWS (470b3bf16e0ab853622c0806bee41582)] -> xpath: //div[@class='bsr_table hist_tbl_hm']/table/thead/tr/th], [[ChromeDriver: chrome on WINDOWS (470b3bf16e0ab853622c0806bee41582)] -> xpath: //div[@class='bsr_table hist_tbl_hm']/table/thead/tr/th]]
[INFO ] 2024-02-08 00:05:14.196 [main] MoneyCtrlPage - Header pointing at: 7
[INFO ] 2024-02-08 00:05:14.196 [main] MoneyCtrlPage - element: //div[@class='bsr_table hist_tbl_hm']/table/tbody//h3//a[text()='ONGC']/ancestor::tr/td[RunTimeVar2]
[INFO ] 2024-02-08 00:05:14.196 [main] MoneyCtrlPage - element: //div[@class='bsr_table hist_tbl_hm']/table/tbody//h3//a[text()='ONGC']/ancestor::tr/td[7]
[INFO ] 2024-02-08 00:05:35.106 [main] MoneyCtrlPage - List: [[[ChromeDriver: chrome on WINDOWS (7e546a04a6625f772e148a36671207af)] -> xpath: //div[@class='bsr_table hist_tbl_hm']/table/thead/tr/th], [[ChromeDriver: chrome on WINDOWS (7e546a04a6625f772e148a36671207af)] -> xpath: //div[@class='bsr_table hist_tbl_hm']/table/thead/tr/th], [[ChromeDriver: chrome on WINDOWS (7e546a04a6625f772e148a36671207af)] -> xpath: //div[@class='bsr_table hist_tbl_hm']/table/thead/tr/th], [[ChromeDriver: chrome on WINDOWS (7e546a04a6625f772e148a36671207af)] -> xpath: //div[@class='bsr_table hist_tbl_hm']/table/thead/tr/th], [[ChromeDriver: chrome on WINDOWS (7e546a04a6625f772e148a36671207af)] -> xpath: //div[@class='bsr_table hist_tbl_hm']/table/thead/tr/th], [[ChromeDriver: chrome on WINDOWS (7e546a04a6625f772e148a36671207af)] -> xpath: //div[@class='bsr_table hist_tbl_hm']/table/thead/tr/th], [[ChromeDriver: chrome on WINDOWS (7e546a04a6625f772e148a36671207af)] -> xpath: //div[@class='bsr_table hist_tbl_hm']/table/thead/tr/th], [[ChromeDriver: chrome on WINDOWS (7e546a04a6625f772e148a36671207af)] -> xpath: //div[@class='bsr_table hist_tbl_hm']/table/thead/tr/th]]
[INFO ] 2024-02-08 00:05:35.245 [main] MoneyCtrlPage - Header pointing at: 7
[INFO ] 2024-02-08 00:05:35.245 [main] MoneyCtrlPage - element: //div[@class='bsr_table hist_tbl_hm']/table/tbody//h3//a[text()='ONGC']/ancestor::tr/td[RunTimeVar2]
[INFO ] 2024-02-08 00:05:35.245 [main] MoneyCtrlPage - element: //div[@class='bsr_table hist_tbl_hm']/table/tbody//h3//a[text()='ONGC']/ancestor::tr/td[7]
[INFO ] 2024-02-08 15:55:28.525 [main] LoginPage - Title is : --> Protractor practice website - Banking App
[INFO ] 2024-02-08 15:55:42.499 [main] LoginPage - Title is : --> Protractor practice website - Banking App
[INFO ] 2024-02-08 15:56:14.960 [main] MoneyCtrlPage - List: [[[ChromeDriver: chrome on WINDOWS (2265916ba57e46ecfd8330bce59c86d1)] -> xpath: //div[@class='bsr_table hist_tbl_hm']/table/thead/tr/th], [[ChromeDriver: chrome on WINDOWS (2265916ba57e46ecfd8330bce59c86d1)] -> xpath: //div[@class='bsr_table hist_tbl_hm']/table/thead/tr/th], [[ChromeDriver: chrome on WINDOWS (2265916ba57e46ecfd8330bce59c86d1)] -> xpath: //div[@class='bsr_table hist_tbl_hm']/table/thead/tr/th], [[ChromeDriver: chrome on WINDOWS (2265916ba57e46ecfd8330bce59c86d1)] -> xpath: //div[@class='bsr_table hist_tbl_hm']/table/thead/tr/th], [[ChromeDriver: chrome on WINDOWS (2265916ba57e46ecfd8330bce59c86d1)] -> xpath: //div[@class='bsr_table hist_tbl_hm']/table/thead/tr/th], [[ChromeDriver: chrome on WINDOWS (2265916ba57e46ecfd8330bce59c86d1)] -> xpath: //div[@class='bsr_table hist_tbl_hm']/table/thead/tr/th], [[ChromeDriver: chrome on WINDOWS (2265916ba57e46ecfd8330bce59c86d1)] -> xpath: //div[@class='bsr_table hist_tbl_hm']/table/thead/tr/th], [[ChromeDriver: chrome on WINDOWS (2265916ba57e46ecfd8330bce59c86d1)] -> xpath: //div[@class='bsr_table hist_tbl_hm']/table/thead/tr/th]]
[INFO ] 2024-02-08 15:56:15.143 [main] MoneyCtrlPage - Header pointing at: 7
[INFO ] 2024-02-08 15:56:15.143 [main] MoneyCtrlPage - element: //div[@class='bsr_table hist_tbl_hm']/table/tbody//h3//a[text()='ONGC']/ancestor::tr/td[RunTimeVar2]
[INFO ] 2024-02-08 15:56:15.143 [main] MoneyCtrlPage - element: //div[@class='bsr_table hist_tbl_hm']/table/tbody//h3//a[text()='ONGC']/ancestor::tr/td[7]
[INFO ] 2024-02-08 15:56:15.237 [main] MoneyCtrlPage - paramValueAct: 0.44
[INFO ] 2024-02-08 15:56:22.677 [main] MoneyCtrlPage - List: [[[ChromeDriver: chrome on WINDOWS (2265916ba57e46ecfd8330bce59c86d1)] -> xpath: //div[@class='bsr_table hist_tbl_hm']/table/thead/tr/th], [[ChromeDriver: chrome on WINDOWS (2265916ba57e46ecfd8330bce59c86d1)] -> xpath: //div[@class='bsr_table hist_tbl_hm']/table/thead/tr/th], [[ChromeDriver: chrome on WINDOWS (2265916ba57e46ecfd8330bce59c86d1)] -> xpath: //div[@class='bsr_table hist_tbl_hm']/table/thead/tr/th], [[ChromeDriver: chrome on WINDOWS (2265916ba57e46ecfd8330bce59c86d1)] -> xpath: //div[@class='bsr_table hist_tbl_hm']/table/thead/tr/th], [[ChromeDriver: chrome on WINDOWS (2265916ba57e46ecfd8330bce59c86d1)] -> xpath: //div[@class='bsr_table hist_tbl_hm']/table/thead/tr/th], [[ChromeDriver: chrome on WINDOWS (2265916ba57e46ecfd8330bce59c86d1)] -> xpath: //div[@class='bsr_table hist_tbl_hm']/table/thead/tr/th], [[ChromeDriver: chrome on WINDOWS (2265916ba57e46ecfd8330bce59c86d1)] -> xpath: //div[@class='bsr_table hist_tbl_hm']/table/thead/tr/th], [[ChromeDriver: chrome on WINDOWS (2265916ba57e46ecfd8330bce59c86d1)] -> xpath: //div[@class='bsr_table hist_tbl_hm']/table/thead/tr/th]]
[INFO ] 2024-02-08 15:56:22.723 [main] MoneyCtrlPage - Header pointing at: 2
[INFO ] 2024-02-08 15:56:22.723 [main] MoneyCtrlPage - element: //div[@class='bsr_table hist_tbl_hm']/table/tbody//h3//a[text()='Nestle']/ancestor::tr/td[RunTimeVar2]
[INFO ] 2024-02-08 15:56:22.723 [main] MoneyCtrlPage - element: //div[@class='bsr_table hist_tbl_hm']/table/tbody//h3//a[text()='Nestle']/ancestor::tr/td[2]
[INFO ] 2024-02-08 16:21:46.460 [main] LoginPage - Title is : --> Protractor practice website - Banking App
[INFO ] 2024-02-08 16:22:02.133 [main] LoginPage - Title is : --> Protractor practice website - Banking App
[INFO ] 2024-02-08 16:22:26.678 [main] MoneyCtrlPage - List: [[[ChromeDriver: chrome on WINDOWS (4be9ad7c96dbfa741a3f3eb5a3591661)] -> xpath: //div[@class='bsr_table hist_tbl_hm']/table/thead/tr/th], [[ChromeDriver: chrome on WINDOWS (4be9ad7c96dbfa741a3f3eb5a3591661)] -> xpath: //div[@class='bsr_table hist_tbl_hm']/table/thead/tr/th], [[ChromeDriver: chrome on WINDOWS (4be9ad7c96dbfa741a3f3eb5a3591661)] -> xpath: //div[@class='bsr_table hist_tbl_hm']/table/thead/tr/th], [[ChromeDriver: chrome on WINDOWS (4be9ad7c96dbfa741a3f3eb5a3591661)] -> xpath: //div[@class='bsr_table hist_tbl_hm']/table/thead/tr/th], [[ChromeDriver: chrome on WINDOWS (4be9ad7c96dbfa741a3f3eb5a3591661)] -> xpath: //div[@class='bsr_table hist_tbl_hm']/table/thead/tr/th], [[ChromeDriver: chrome on WINDOWS (4be9ad7c96dbfa741a3f3eb5a3591661)] -> xpath: //div[@class='bsr_table hist_tbl_hm']/table/thead/tr/th], [[ChromeDriver: chrome on WINDOWS (4be9ad7c96dbfa741a3f3eb5a3591661)] -> xpath: //div[@class='bsr_table hist_tbl_hm']/table/thead/tr/th], [[ChromeDriver: chrome on WINDOWS (4be9ad7c96dbfa741a3f3eb5a3591661)] -> xpath: //div[@class='bsr_table hist_tbl_hm']/table/thead/tr/th]]
[INFO ] 2024-02-08 16:22:26.867 [main] MoneyCtrlPage - Header pointing at: 7
[INFO ] 2024-02-08 16:22:26.868 [main] MoneyCtrlPage - element: //div[@class='bsr_table hist_tbl_hm']/table/tbody//h3//a[text()='ONGC']/ancestor::tr/td[RunTimeVar2]
[INFO ] 2024-02-08 16:22:26.868 [main] MoneyCtrlPage - element: //div[@class='bsr_table hist_tbl_hm']/table/tbody//h3//a[text()='ONGC']/ancestor::tr/td[7]
[INFO ] 2024-02-08 16:22:26.929 [main] MoneyCtrlPage - paramValueAct: 0.46
[INFO ] 2024-02-08 16:22:34.149 [main] MoneyCtrlPage - List: [[[ChromeDriver: chrome on WINDOWS (4be9ad7c96dbfa741a3f3eb5a3591661)] -> xpath: //div[@class='bsr_table hist_tbl_hm']/table/thead/tr/th], [[ChromeDriver: chrome on WINDOWS (4be9ad7c96dbfa741a3f3eb5a3591661)] -> xpath: //div[@class='bsr_table hist_tbl_hm']/table/thead/tr/th], [[ChromeDriver: chrome on WINDOWS (4be9ad7c96dbfa741a3f3eb5a3591661)] -> xpath: //div[@class='bsr_table hist_tbl_hm']/table/thead/tr/th], [[ChromeDriver: chrome on WINDOWS (4be9ad7c96dbfa741a3f3eb5a3591661)] -> xpath: //div[@class='bsr_table hist_tbl_hm']/table/thead/tr/th], [[ChromeDriver: chrome on WINDOWS (4be9ad7c96dbfa741a3f3eb5a3591661)] -> xpath: //div[@class='bsr_table hist_tbl_hm']/table/thead/tr/th], [[ChromeDriver: chrome on WINDOWS (4be9ad7c96dbfa741a3f3eb5a3591661)] -> xpath: //div[@class='bsr_table hist_tbl_hm']/table/thead/tr/th], [[ChromeDriver: chrome on WINDOWS (4be9ad7c96dbfa741a3f3eb5a3591661)] -> xpath: //div[@class='bsr_table hist_tbl_hm']/table/thead/tr/th], [[ChromeDriver: chrome on WINDOWS (4be9ad7c96dbfa741a3f3eb5a3591661)] -> xpath: //div[@class='bsr_table hist_tbl_hm']/table/thead/tr/th]]
[INFO ] 2024-02-08 16:22:34.189 [main] MoneyCtrlPage - Header pointing at: 2
[INFO ] 2024-02-08 16:22:34.189 [main] MoneyCtrlPage - element: //div[@class='bsr_table hist_tbl_hm']/table/tbody//h3//a[text()='Nestle']/ancestor::tr/td[RunTimeVar2]
[INFO ] 2024-02-08 16:22:34.189 [main] MoneyCtrlPage - element: //div[@class='bsr_table hist_tbl_hm']/table/tbody//h3//a[text()='Nestle']/ancestor::tr/td[2]
[INFO ] 2024-03-25 21:22:31.353 [TestNG-PoolService-2] MoneyCtrlPage - List: [[[ChromeDriver: chrome on WINDOWS (d830d04d282681b4bb5ced545206df05)] -> xpath: //div[@class='bsr_table hist_tbl_hm']/table/thead/tr/th], [[ChromeDriver: chrome on WINDOWS (d830d04d282681b4bb5ced545206df05)] -> xpath: //div[@class='bsr_table hist_tbl_hm']/table/thead/tr/th], [[ChromeDriver: chrome on WINDOWS (d830d04d282681b4bb5ced545206df05)] -> xpath: //div[@class='bsr_table hist_tbl_hm']/table/thead/tr/th], [[ChromeDriver: chrome on WINDOWS (d830d04d282681b4bb5ced545206df05)] -> xpath: //div[@class='bsr_table hist_tbl_hm']/table/thead/tr/th], [[ChromeDriver: chrome on WINDOWS (d830d04d282681b4bb5ced545206df05)] -> xpath: //div[@class='bsr_table hist_tbl_hm']/table/thead/tr/th], [[ChromeDriver: chrome on WINDOWS (d830d04d282681b4bb5ced545206df05)] -> xpath: //div[@class='bsr_table hist_tbl_hm']/table/thead/tr/th], [[ChromeDriver: chrome on WINDOWS (d830d04d282681b4bb5ced545206df05)] -> xpath: //div[@class='bsr_table hist_tbl_hm']/table/thead/tr/th], [[ChromeDriver: chrome on WINDOWS (d830d04d282681b4bb5ced545206df05)] -> xpath: //div[@class='bsr_table hist_tbl_hm']/table/thead/tr/th]]
[INFO ] 2024-03-25 21:22:31.600 [TestNG-PoolService-2] MoneyCtrlPage - element: //div[@class='bsr_table hist_tbl_hm']/table/tbody//h3//a[text()='ONGC']/ancestor::tr/td[RunTimeVar2]
[INFO ] 2024-03-25 21:22:31.600 [TestNG-PoolService-2] MoneyCtrlPage - element: //div[@class='bsr_table hist_tbl_hm']/table/tbody//h3//a[text()='ONGC']/ancestor::tr/td[9]
[INFO ] 2024-03-25 21:22:31.694 [TestNG-PoolService-2] MoneyCtrlPage - paramValueAct: 
[INFO ] 2024-03-25 21:22:46.585 [TestNG-PoolService-2] MoneyCtrlPage - List: [[[ChromeDriver: chrome on WINDOWS (d830d04d282681b4bb5ced545206df05)] -> xpath: //div[@class='bsr_table hist_tbl_hm']/table/thead/tr/th], [[ChromeDriver: chrome on WINDOWS (d830d04d282681b4bb5ced545206df05)] -> xpath: //div[@class='bsr_table hist_tbl_hm']/table/thead/tr/th], [[ChromeDriver: chrome on WINDOWS (d830d04d282681b4bb5ced545206df05)] -> xpath: //div[@class='bsr_table hist_tbl_hm']/table/thead/tr/th], [[ChromeDriver: chrome on WINDOWS (d830d04d282681b4bb5ced545206df05)] -> xpath: //div[@class='bsr_table hist_tbl_hm']/table/thead/tr/th], [[ChromeDriver: chrome on WINDOWS (d830d04d282681b4bb5ced545206df05)] -> xpath: //div[@class='bsr_table hist_tbl_hm']/table/thead/tr/th], [[ChromeDriver: chrome on WINDOWS (d830d04d282681b4bb5ced545206df05)] -> xpath: //div[@class='bsr_table hist_tbl_hm']/table/thead/tr/th], [[ChromeDriver: chrome on WINDOWS (d830d04d282681b4bb5ced545206df05)] -> xpath: //div[@class='bsr_table hist_tbl_hm']/table/thead/tr/th], [[ChromeDriver: chrome on WINDOWS (d830d04d282681b4bb5ced545206df05)] -> xpath: //div[@class='bsr_table hist_tbl_hm']/table/thead/tr/th]]
[INFO ] 2024-03-25 21:22:46.641 [TestNG-PoolService-2] MoneyCtrlPage - Header pointing at: 2
[INFO ] 2024-03-25 21:22:46.641 [TestNG-PoolService-2] MoneyCtrlPage - element: //div[@class='bsr_table hist_tbl_hm']/table/tbody//h3//a[text()='Nestle']/ancestor::tr/td[RunTimeVar2]
[INFO ] 2024-03-25 21:22:46.642 [TestNG-PoolService-2] MoneyCtrlPage - element: //div[@class='bsr_table hist_tbl_hm']/table/tbody//h3//a[text()='Nestle']/ancestor::tr/td[2]
[INFO ] 2024-03-25 21:22:46.757 [TestNG-PoolService-2] MoneyCtrlPage - paramValueAct: 2,592.00
[INFO ] 2024-03-25 21:22:57.951 [TestNG-PoolService-2] MoneyCtrlPage - List: [[[ChromeDriver: chrome on WINDOWS (d830d04d282681b4bb5ced545206df05)] -> xpath: //div[@class='bsr_table hist_tbl_hm']/table/thead/tr/th], [[ChromeDriver: chrome on WINDOWS (d830d04d282681b4bb5ced545206df05)] -> xpath: //div[@class='bsr_table hist_tbl_hm']/table/thead/tr/th], [[ChromeDriver: chrome on WINDOWS (d830d04d282681b4bb5ced545206df05)] -> xpath: //div[@class='bsr_table hist_tbl_hm']/table/thead/tr/th], [[ChromeDriver: chrome on WINDOWS (d830d04d282681b4bb5ced545206df05)] -> xpath: //div[@class='bsr_table hist_tbl_hm']/table/thead/tr/th], [[ChromeDriver: chrome on WINDOWS (d830d04d282681b4bb5ced545206df05)] -> xpath: //div[@class='bsr_table hist_tbl_hm']/table/thead/tr/th], [[ChromeDriver: chrome on WINDOWS (d830d04d282681b4bb5ced545206df05)] -> xpath: //div[@class='bsr_table hist_tbl_hm']/table/thead/tr/th], [[ChromeDriver: chrome on WINDOWS (d830d04d282681b4bb5ced545206df05)] -> xpath: //div[@class='bsr_table hist_tbl_hm']/table/thead/tr/th], [[ChromeDriver: chrome on WINDOWS (d830d04d282681b4bb5ced545206df05)] -> xpath: //div[@class='bsr_table hist_tbl_hm']/table/thead/tr/th]]
[INFO ] 2024-03-25 21:22:58.009 [TestNG-PoolService-2] MoneyCtrlPage - Header pointing at: 3
[INFO ] 2024-03-25 21:22:58.009 [TestNG-PoolService-2] MoneyCtrlPage - element: //div[@class='bsr_table hist_tbl_hm']/table/tbody//h3//a[text()='Nestle']/ancestor::tr/td[RunTimeVar2]
[INFO ] 2024-03-25 21:22:58.009 [TestNG-PoolService-2] MoneyCtrlPage - element: //div[@class='bsr_table hist_tbl_hm']/table/tbody//h3//a[text()='Nestle']/ancestor::tr/td[3]
[INFO ] 2024-03-25 21:22:58.124 [TestNG-PoolService-2] MoneyCtrlPage - paramValueAct: 2,537.00
[INFO ] 2024-03-25 21:35:33.245 [TestNG-PoolService-1] LoginPage - Title is : --> Protractor practice website - Banking App
[INFO ] 2024-03-25 21:41:49.011 [TestNG-PoolService-0] LoginPage - Title is : --> Protractor practice website - Banking App
[INFO ] 2024-03-25 21:49:56.094 [main] LoginPage - Title is : --> Protractor practice website - Banking App
